
Attaching package: ‘dplyr’

The following objects are masked from ‘package:data.table’:

    between, first, last

The following objects are masked from ‘package:stats’:

    filter, lag

The following objects are masked from ‘package:base’:

    intersect, setdiff, setequal, union

mkdir: cannot create directory ‘/expanse/lustre/projects/ddp412/kakamatsu/eQTLsummary/OTA_nominal/genes/CD16p_Mono’: File exists

Attaching package: ‘dplyr’

The following objects are masked from ‘package:data.table’:

    between, first, last

The following objects are masked from ‘package:stats’:

    filter, lag

The following objects are masked from ‘package:base’:

    intersect, setdiff, setequal, union

mkdir: cannot create directory ‘/expanse/lustre/projects/ddp412/kakamatsu/eQTLsummary/OTA_nominal/genes/Mem_CD4’: File exists

Attaching package: ‘dplyr’

The following objects are masked from ‘package:data.table’:

    between, first, last

The following objects are masked from ‘package:stats’:

    filter, lag

The following objects are masked from ‘package:base’:

    intersect, setdiff, setequal, union

mkdir: cannot create directory ‘/expanse/lustre/projects/ddp412/kakamatsu/eQTLsummary/OTA_nominal/genes/Naive_B’: File exists

Attaching package: ‘dplyr’

The following objects are masked from ‘package:data.table’:

    between, first, last

The following objects are masked from ‘package:stats’:

    filter, lag

The following objects are masked from ‘package:base’:

    intersect, setdiff, setequal, union

mkdir: cannot create directory ‘/expanse/lustre/projects/ddp412/kakamatsu/eQTLsummary/OTA_nominal/genes/Naive_CD8’: File exists

Attaching package: ‘dplyr’

The following objects are masked from ‘package:data.table’:

    between, first, last

The following objects are masked from ‘package:stats’:

    filter, lag

The following objects are masked from ‘package:base’:

    intersect, setdiff, setequal, union

mkdir: cannot create directory ‘/expanse/lustre/projects/ddp412/kakamatsu/eQTLsummary/OTA_nominal/genes/Plasmablast’: File exists

Attaching package: ‘dplyr’

The following objects are masked from ‘package:data.table’:

    between, first, last

The following objects are masked from ‘package:stats’:

    filter, lag

The following objects are masked from ‘package:base’:

    intersect, setdiff, setequal, union

mkdir: cannot create directory ‘/expanse/lustre/projects/ddp412/kakamatsu/eQTLsummary/OTA_nominal/genes/mDC’: File exists

Attaching package: ‘dplyr’

The following objects are masked from ‘package:data.table’:

    between, first, last

The following objects are masked from ‘package:stats’:

    filter, lag

The following objects are masked from ‘package:base’:

    intersect, setdiff, setequal, union

mkdir: cannot create directory ‘/expanse/lustre/projects/ddp412/kakamatsu/eQTLsummary/OTA_nominal/genes/CL_Mono’: File exists

Attaching package: ‘dplyr’

The following objects are masked from ‘package:data.table’:

    between, first, last

The following objects are masked from ‘package:stats’:

    filter, lag

The following objects are masked from ‘package:base’:

    intersect, setdiff, setequal, union

mkdir: cannot create directory ‘/expanse/lustre/projects/ddp412/kakamatsu/eQTLsummary/OTA_nominal/genes/LDG’: File exists

Attaching package: ‘dplyr’

The following objects are masked from ‘package:data.table’:

    between, first, last

The following objects are masked from ‘package:stats’:

    filter, lag

The following objects are masked from ‘package:base’:

    intersect, setdiff, setequal, union

mkdir: cannot create directory ‘/expanse/lustre/projects/ddp412/kakamatsu/eQTLsummary/OTA_nominal/genes/Mem_CD8’: File exists

Attaching package: ‘dplyr’

The following objects are masked from ‘package:data.table’:

    between, first, last

The following objects are masked from ‘package:stats’:

    filter, lag

The following objects are masked from ‘package:base’:

    intersect, setdiff, setequal, union

mkdir: cannot create directory ‘/expanse/lustre/projects/ddp412/kakamatsu/eQTLsummary/OTA_nominal/genes/NK’: File exists

Attaching package: ‘dplyr’

The following objects are masked from ‘package:data.table’:

    between, first, last

The following objects are masked from ‘package:stats’:

    filter, lag

The following objects are masked from ‘package:base’:

    intersect, setdiff, setequal, union

mkdir: cannot create directory ‘/expanse/lustre/projects/ddp412/kakamatsu/eQTLsummary/OTA_nominal/genes/Naive_CD4’: File exists

Attaching package: ‘dplyr’

The following objects are masked from ‘package:data.table’:

    between, first, last

The following objects are masked from ‘package:stats’:

    filter, lag

The following objects are masked from ‘package:base’:

    intersect, setdiff, setequal, union

mkdir: cannot create directory ‘/expanse/lustre/projects/ddp412/kakamatsu/eQTLsummary/OTA_nominal/genes/Neu’: File exists

Attaching package: ‘dplyr’

The following objects are masked from ‘package:data.table’:

    between, first, last

The following objects are masked from ‘package:stats’:

    filter, lag

The following objects are masked from ‘package:base’:

    intersect, setdiff, setequal, union

mkdir: cannot create directory ‘/expanse/lustre/projects/ddp412/kakamatsu/eQTLsummary/OTA_nominal/genes/pDC’: File exists
