mkdir: cannot create directory ‘/expanse/lustre/projects/ddp412/kakamatsu/MAGEPRO_simulations/simulated_genotypes_80_h0.03’: File exists
mkdir: cannot create directory ‘/expanse/lustre/projects/ddp412/kakamatsu/MAGEPRO_simulations/sumstats_80_h0.03’: File exists
mkdir: cannot create directory ‘/expanse/lustre/projects/ddp412/kakamatsu/MAGEPRO_simulations/temp_80_h0.03’: File exists
mkdir: cannot create directory ‘/expanse/lustre/projects/ddp412/kakamatsu/MAGEPRO_simulations/temp_80_h0.03/PRSCSx’: File exists
mkdir: cannot create directory ‘/expanse/lustre/projects/ddp412/kakamatsu/MAGEPRO_simulations/ld_80_h0.03’: File exists
mkdir: cannot create directory ‘/expanse/lustre/projects/ddp412/kakamatsu/MAGEPRO_simulations/simulated_genotypes_160_h0.03’: File exists
mkdir: cannot create directory ‘/expanse/lustre/projects/ddp412/kakamatsu/MAGEPRO_simulations/sumstats_160_h0.03’: File exists
mkdir: cannot create directory ‘/expanse/lustre/projects/ddp412/kakamatsu/MAGEPRO_simulations/temp_160_h0.03’: File exists
mkdir: cannot create directory ‘/expanse/lustre/projects/ddp412/kakamatsu/MAGEPRO_simulations/temp_160_h0.03/PRSCSx’: File exists
mkdir: cannot create directory ‘/expanse/lustre/projects/ddp412/kakamatsu/MAGEPRO_simulations/ld_160_h0.03’: File exists
mkdir: cannot create directory ‘/expanse/lustre/projects/ddp412/kakamatsu/MAGEPRO_simulations/simulated_genotypes_240_h0.03’: File exists
mkdir: cannot create directory ‘/expanse/lustre/projects/ddp412/kakamatsu/MAGEPRO_simulations/sumstats_240_h0.03’: File exists
mkdir: cannot create directory ‘/expanse/lustre/projects/ddp412/kakamatsu/MAGEPRO_simulations/temp_240_h0.03’: File exists
mkdir: cannot create directory ‘/expanse/lustre/projects/ddp412/kakamatsu/MAGEPRO_simulations/temp_240_h0.03/PRSCSx’: File exists
mkdir: cannot create directory ‘/expanse/lustre/projects/ddp412/kakamatsu/MAGEPRO_simulations/ld_240_h0.03’: File exists
/home/kakamatsu/.conda/envs/r_py/lib/python3.11/site-packages/sklearn/linear_model/_coordinate_descent.py:628: ConvergenceWarning: Objective did not converge. You might want to increase the number of iterations, check the scale of the features or consider increasing regularisation. Duality gap: 1.315e-01, tolerance: 4.000e-02
  model = cd_fast.enet_coordinate_descent(
mkdir: cannot create directory ‘/expanse/lustre/projects/ddp412/kakamatsu/MAGEPRO_simulations/simulated_genotypes_400_h0.03’: File exists
mkdir: cannot create directory ‘/expanse/lustre/projects/ddp412/kakamatsu/MAGEPRO_simulations/sumstats_400_h0.03’: File exists
mkdir: cannot create directory ‘/expanse/lustre/projects/ddp412/kakamatsu/MAGEPRO_simulations/temp_400_h0.03’: File exists
mkdir: cannot create directory ‘/expanse/lustre/projects/ddp412/kakamatsu/MAGEPRO_simulations/temp_400_h0.03/PRSCSx’: File exists
mkdir: cannot create directory ‘/expanse/lustre/projects/ddp412/kakamatsu/MAGEPRO_simulations/ld_400_h0.03’: File exists
mkdir: cannot create directory ‘/expanse/lustre/projects/ddp412/kakamatsu/MAGEPRO_simulations/simulated_genotypes_500_h0.03’: File exists
mkdir: cannot create directory ‘/expanse/lustre/projects/ddp412/kakamatsu/MAGEPRO_simulations/sumstats_500_h0.03’: File exists
mkdir: cannot create directory ‘/expanse/lustre/projects/ddp412/kakamatsu/MAGEPRO_simulations/temp_500_h0.03’: File exists
mkdir: cannot create directory ‘/expanse/lustre/projects/ddp412/kakamatsu/MAGEPRO_simulations/temp_500_h0.03/PRSCSx’: File exists
mkdir: cannot create directory ‘/expanse/lustre/projects/ddp412/kakamatsu/MAGEPRO_simulations/ld_500_h0.03’: File exists
Traceback (most recent call last):
  File "/expanse/lustre/projects/ddp412/kakamatsu/MAGEPRO/SIMULATIONS/Sim_Model.py", line 512, in <module>
    prscsx_weights = PRSCSx_shrinkage(executable_dir, ld_reference_dir, prscsx_working_dir, sumstats_file, "500,500" , population_sumstat, bim, 1e-7, 8)
                     ^^^^^^^^^^^^^^^^^^^^^^^^^^^^^^^^^^^^^^^^^^^^^^^^^^^^^^^^^^^^^^^^^^^^^^^^^^^^^^^^^^^^^^^^^^^^^^^^^^^^^^^^^^^^^^^^^^^^^^^^^^^^^^^^^^^
  File "/expanse/lustre/projects/ddp412/kakamatsu/MAGEPRO/SIMULATIONS/Sim_Model.py", line 373, in PRSCSx_shrinkage
    BIM.to_csv(os.path.join(working_dir, "snps.bim"), sep='\t', index=False, header=False, quoting=False)
  File "/home/kakamatsu/.conda/envs/r_py/lib/python3.11/site-packages/pandas/core/generic.py", line 3772, in to_csv
    return DataFrameRenderer(formatter).to_csv(
           ^^^^^^^^^^^^^^^^^^^^^^^^^^^^^^^^^^^^
  File "/home/kakamatsu/.conda/envs/r_py/lib/python3.11/site-packages/pandas/io/formats/format.py", line 1186, in to_csv
    csv_formatter.save()
  File "/home/kakamatsu/.conda/envs/r_py/lib/python3.11/site-packages/pandas/io/formats/csvs.py", line 240, in save
    with get_handle(
         ^^^^^^^^^^^
  File "/home/kakamatsu/.conda/envs/r_py/lib/python3.11/site-packages/pandas/io/common.py", line 737, in get_handle
    check_parent_directory(str(handle))
  File "/home/kakamatsu/.conda/envs/r_py/lib/python3.11/site-packages/pandas/io/common.py", line 600, in check_parent_directory
    raise OSError(rf"Cannot save file into a non-existent directory: '{parent}'")
OSError: Cannot save file into a non-existent directory: '/expanse/lustre/projects/ddp412/kakamatsu/MAGEPRO_simulations/temp_80_h0.03/PRSCSx'
Traceback (most recent call last):
  File "/expanse/lustre/projects/ddp412/kakamatsu/MAGEPRO/SIMULATIONS/Sim_Model.py", line 512, in <module>
    prscsx_weights = PRSCSx_shrinkage(executable_dir, ld_reference_dir, prscsx_working_dir, sumstats_file, "500,500" , population_sumstat, bim, 1e-7, 8)
                     ^^^^^^^^^^^^^^^^^^^^^^^^^^^^^^^^^^^^^^^^^^^^^^^^^^^^^^^^^^^^^^^^^^^^^^^^^^^^^^^^^^^^^^^^^^^^^^^^^^^^^^^^^^^^^^^^^^^^^^^^^^^^^^^^^^^
  File "/expanse/lustre/projects/ddp412/kakamatsu/MAGEPRO/SIMULATIONS/Sim_Model.py", line 373, in PRSCSx_shrinkage
    BIM.to_csv(os.path.join(working_dir, "snps.bim"), sep='\t', index=False, header=False, quoting=False)
  File "/home/kakamatsu/.conda/envs/r_py/lib/python3.11/site-packages/pandas/core/generic.py", line 3772, in to_csv
    return DataFrameRenderer(formatter).to_csv(
           ^^^^^^^^^^^^^^^^^^^^^^^^^^^^^^^^^^^^
  File "/home/kakamatsu/.conda/envs/r_py/lib/python3.11/site-packages/pandas/io/formats/format.py", line 1186, in to_csv
    csv_formatter.save()
  File "/home/kakamatsu/.conda/envs/r_py/lib/python3.11/site-packages/pandas/io/formats/csvs.py", line 240, in save
    with get_handle(
         ^^^^^^^^^^^
  File "/home/kakamatsu/.conda/envs/r_py/lib/python3.11/site-packages/pandas/io/common.py", line 737, in get_handle
    check_parent_directory(str(handle))
  File "/home/kakamatsu/.conda/envs/r_py/lib/python3.11/site-packages/pandas/io/common.py", line 600, in check_parent_directory
    raise OSError(rf"Cannot save file into a non-existent directory: '{parent}'")
OSError: Cannot save file into a non-existent directory: '/expanse/lustre/projects/ddp412/kakamatsu/MAGEPRO_simulations/temp_160_h0.03/PRSCSx'
Traceback (most recent call last):
  File "/expanse/lustre/projects/ddp412/kakamatsu/MAGEPRO/SIMULATIONS/Sim_Model.py", line 512, in <module>
    prscsx_weights = PRSCSx_shrinkage(executable_dir, ld_reference_dir, prscsx_working_dir, sumstats_file, "500,500" , population_sumstat, bim, 1e-7, 8)
                     ^^^^^^^^^^^^^^^^^^^^^^^^^^^^^^^^^^^^^^^^^^^^^^^^^^^^^^^^^^^^^^^^^^^^^^^^^^^^^^^^^^^^^^^^^^^^^^^^^^^^^^^^^^^^^^^^^^^^^^^^^^^^^^^^^^^
  File "/expanse/lustre/projects/ddp412/kakamatsu/MAGEPRO/SIMULATIONS/Sim_Model.py", line 373, in PRSCSx_shrinkage
    BIM.to_csv(os.path.join(working_dir, "snps.bim"), sep='\t', index=False, header=False, quoting=False)
  File "/home/kakamatsu/.conda/envs/r_py/lib/python3.11/site-packages/pandas/core/generic.py", line 3772, in to_csv
    return DataFrameRenderer(formatter).to_csv(
           ^^^^^^^^^^^^^^^^^^^^^^^^^^^^^^^^^^^^
  File "/home/kakamatsu/.conda/envs/r_py/lib/python3.11/site-packages/pandas/io/formats/format.py", line 1186, in to_csv
    csv_formatter.save()
  File "/home/kakamatsu/.conda/envs/r_py/lib/python3.11/site-packages/pandas/io/formats/csvs.py", line 240, in save
    with get_handle(
         ^^^^^^^^^^^
  File "/home/kakamatsu/.conda/envs/r_py/lib/python3.11/site-packages/pandas/io/common.py", line 737, in get_handle
    check_parent_directory(str(handle))
  File "/home/kakamatsu/.conda/envs/r_py/lib/python3.11/site-packages/pandas/io/common.py", line 600, in check_parent_directory
    raise OSError(rf"Cannot save file into a non-existent directory: '{parent}'")
OSError: Cannot save file into a non-existent directory: '/expanse/lustre/projects/ddp412/kakamatsu/MAGEPRO_simulations/temp_240_h0.03/PRSCSx'
Traceback (most recent call last):
  File "/expanse/lustre/projects/ddp412/kakamatsu/MAGEPRO/SIMULATIONS/Sim_Model.py", line 512, in <module>
    prscsx_weights = PRSCSx_shrinkage(executable_dir, ld_reference_dir, prscsx_working_dir, sumstats_file, "500,500" , population_sumstat, bim, 1e-7, 8)
                     ^^^^^^^^^^^^^^^^^^^^^^^^^^^^^^^^^^^^^^^^^^^^^^^^^^^^^^^^^^^^^^^^^^^^^^^^^^^^^^^^^^^^^^^^^^^^^^^^^^^^^^^^^^^^^^^^^^^^^^^^^^^^^^^^^^^
  File "/expanse/lustre/projects/ddp412/kakamatsu/MAGEPRO/SIMULATIONS/Sim_Model.py", line 373, in PRSCSx_shrinkage
    BIM.to_csv(os.path.join(working_dir, "snps.bim"), sep='\t', index=False, header=False, quoting=False)
  File "/home/kakamatsu/.conda/envs/r_py/lib/python3.11/site-packages/pandas/core/generic.py", line 3772, in to_csv
    return DataFrameRenderer(formatter).to_csv(
           ^^^^^^^^^^^^^^^^^^^^^^^^^^^^^^^^^^^^
  File "/home/kakamatsu/.conda/envs/r_py/lib/python3.11/site-packages/pandas/io/formats/format.py", line 1186, in to_csv
    csv_formatter.save()
  File "/home/kakamatsu/.conda/envs/r_py/lib/python3.11/site-packages/pandas/io/formats/csvs.py", line 240, in save
    with get_handle(
         ^^^^^^^^^^^
  File "/home/kakamatsu/.conda/envs/r_py/lib/python3.11/site-packages/pandas/io/common.py", line 737, in get_handle
    check_parent_directory(str(handle))
  File "/home/kakamatsu/.conda/envs/r_py/lib/python3.11/site-packages/pandas/io/common.py", line 600, in check_parent_directory
    raise OSError(rf"Cannot save file into a non-existent directory: '{parent}'")
OSError: Cannot save file into a non-existent directory: '/expanse/lustre/projects/ddp412/kakamatsu/MAGEPRO_simulations/temp_400_h0.03/PRSCSx'
Traceback (most recent call last):
  File "/expanse/lustre/projects/ddp412/kakamatsu/MAGEPRO/SIMULATIONS/Sim_Model.py", line 512, in <module>
    prscsx_weights = PRSCSx_shrinkage(executable_dir, ld_reference_dir, prscsx_working_dir, sumstats_file, "500,500" , population_sumstat, bim, 1e-7, 8)
                     ^^^^^^^^^^^^^^^^^^^^^^^^^^^^^^^^^^^^^^^^^^^^^^^^^^^^^^^^^^^^^^^^^^^^^^^^^^^^^^^^^^^^^^^^^^^^^^^^^^^^^^^^^^^^^^^^^^^^^^^^^^^^^^^^^^^
  File "/expanse/lustre/projects/ddp412/kakamatsu/MAGEPRO/SIMULATIONS/Sim_Model.py", line 373, in PRSCSx_shrinkage
    BIM.to_csv(os.path.join(working_dir, "snps.bim"), sep='\t', index=False, header=False, quoting=False)
  File "/home/kakamatsu/.conda/envs/r_py/lib/python3.11/site-packages/pandas/core/generic.py", line 3772, in to_csv
    return DataFrameRenderer(formatter).to_csv(
           ^^^^^^^^^^^^^^^^^^^^^^^^^^^^^^^^^^^^
  File "/home/kakamatsu/.conda/envs/r_py/lib/python3.11/site-packages/pandas/io/formats/format.py", line 1186, in to_csv
    csv_formatter.save()
  File "/home/kakamatsu/.conda/envs/r_py/lib/python3.11/site-packages/pandas/io/formats/csvs.py", line 240, in save
    with get_handle(
         ^^^^^^^^^^^
  File "/home/kakamatsu/.conda/envs/r_py/lib/python3.11/site-packages/pandas/io/common.py", line 737, in get_handle
    check_parent_directory(str(handle))
  File "/home/kakamatsu/.conda/envs/r_py/lib/python3.11/site-packages/pandas/io/common.py", line 600, in check_parent_directory
    raise OSError(rf"Cannot save file into a non-existent directory: '{parent}'")
OSError: Cannot save file into a non-existent directory: '/expanse/lustre/projects/ddp412/kakamatsu/MAGEPRO_simulations/temp_500_h0.03/PRSCSx'

ERROR: Failed to find suitable step after 10 attempts; stopping.
Traceback (most recent call last):
  File "/expanse/lustre/projects/ddp412/kakamatsu/MAGEPRO/SIMULATIONS/Sim_Model.py", line 512, in <module>
    prscsx_weights = PRSCSx_shrinkage(executable_dir, ld_reference_dir, prscsx_working_dir, sumstats_file, "500,500" , population_sumstat, bim, 1e-7, 8)
                     ^^^^^^^^^^^^^^^^^^^^^^^^^^^^^^^^^^^^^^^^^^^^^^^^^^^^^^^^^^^^^^^^^^^^^^^^^^^^^^^^^^^^^^^^^^^^^^^^^^^^^^^^^^^^^^^^^^^^^^^^^^^^^^^^^^^
  File "/expanse/lustre/projects/ddp412/kakamatsu/MAGEPRO/SIMULATIONS/Sim_Model.py", line 373, in PRSCSx_shrinkage
    BIM.to_csv(os.path.join(working_dir, "snps.bim"), sep='\t', index=False, header=False, quoting=False)
  File "/home/kakamatsu/.conda/envs/r_py/lib/python3.11/site-packages/pandas/core/generic.py", line 3772, in to_csv
    return DataFrameRenderer(formatter).to_csv(
           ^^^^^^^^^^^^^^^^^^^^^^^^^^^^^^^^^^^^
  File "/home/kakamatsu/.conda/envs/r_py/lib/python3.11/site-packages/pandas/io/formats/format.py", line 1186, in to_csv
    csv_formatter.save()
  File "/home/kakamatsu/.conda/envs/r_py/lib/python3.11/site-packages/pandas/io/formats/csvs.py", line 240, in save
    with get_handle(
         ^^^^^^^^^^^
  File "/home/kakamatsu/.conda/envs/r_py/lib/python3.11/site-packages/pandas/io/common.py", line 737, in get_handle
    check_parent_directory(str(handle))
  File "/home/kakamatsu/.conda/envs/r_py/lib/python3.11/site-packages/pandas/io/common.py", line 600, in check_parent_directory
    raise OSError(rf"Cannot save file into a non-existent directory: '{parent}'")
OSError: Cannot save file into a non-existent directory: '/expanse/lustre/projects/ddp412/kakamatsu/MAGEPRO_simulations/temp_80_h0.03/PRSCSx'
Traceback (most recent call last):
  File "/expanse/lustre/projects/ddp412/kakamatsu/MAGEPRO/SIMULATIONS/Sim_Model.py", line 512, in <module>
    prscsx_weights = PRSCSx_shrinkage(executable_dir, ld_reference_dir, prscsx_working_dir, sumstats_file, "500,500" , population_sumstat, bim, 1e-7, 8)
                     ^^^^^^^^^^^^^^^^^^^^^^^^^^^^^^^^^^^^^^^^^^^^^^^^^^^^^^^^^^^^^^^^^^^^^^^^^^^^^^^^^^^^^^^^^^^^^^^^^^^^^^^^^^^^^^^^^^^^^^^^^^^^^^^^^^^
  File "/expanse/lustre/projects/ddp412/kakamatsu/MAGEPRO/SIMULATIONS/Sim_Model.py", line 373, in PRSCSx_shrinkage
    BIM.to_csv(os.path.join(working_dir, "snps.bim"), sep='\t', index=False, header=False, quoting=False)
  File "/home/kakamatsu/.conda/envs/r_py/lib/python3.11/site-packages/pandas/core/generic.py", line 3772, in to_csv
    return DataFrameRenderer(formatter).to_csv(
           ^^^^^^^^^^^^^^^^^^^^^^^^^^^^^^^^^^^^
  File "/home/kakamatsu/.conda/envs/r_py/lib/python3.11/site-packages/pandas/io/formats/format.py", line 1186, in to_csv
    csv_formatter.save()
  File "/home/kakamatsu/.conda/envs/r_py/lib/python3.11/site-packages/pandas/io/formats/csvs.py", line 240, in save
    with get_handle(
         ^^^^^^^^^^^
  File "/home/kakamatsu/.conda/envs/r_py/lib/python3.11/site-packages/pandas/io/common.py", line 737, in get_handle
    check_parent_directory(str(handle))
  File "/home/kakamatsu/.conda/envs/r_py/lib/python3.11/site-packages/pandas/io/common.py", line 600, in check_parent_directory
    raise OSError(rf"Cannot save file into a non-existent directory: '{parent}'")
OSError: Cannot save file into a non-existent directory: '/expanse/lustre/projects/ddp412/kakamatsu/MAGEPRO_simulations/temp_160_h0.03/PRSCSx'
Traceback (most recent call last):
  File "/expanse/lustre/projects/ddp412/kakamatsu/MAGEPRO/SIMULATIONS/Sim_Model.py", line 512, in <module>
    prscsx_weights = PRSCSx_shrinkage(executable_dir, ld_reference_dir, prscsx_working_dir, sumstats_file, "500,500" , population_sumstat, bim, 1e-7, 8)
                     ^^^^^^^^^^^^^^^^^^^^^^^^^^^^^^^^^^^^^^^^^^^^^^^^^^^^^^^^^^^^^^^^^^^^^^^^^^^^^^^^^^^^^^^^^^^^^^^^^^^^^^^^^^^^^^^^^^^^^^^^^^^^^^^^^^^
  File "/expanse/lustre/projects/ddp412/kakamatsu/MAGEPRO/SIMULATIONS/Sim_Model.py", line 373, in PRSCSx_shrinkage
    BIM.to_csv(os.path.join(working_dir, "snps.bim"), sep='\t', index=False, header=False, quoting=False)
  File "/home/kakamatsu/.conda/envs/r_py/lib/python3.11/site-packages/pandas/core/generic.py", line 3772, in to_csv
    return DataFrameRenderer(formatter).to_csv(
           ^^^^^^^^^^^^^^^^^^^^^^^^^^^^^^^^^^^^
  File "/home/kakamatsu/.conda/envs/r_py/lib/python3.11/site-packages/pandas/io/formats/format.py", line 1186, in to_csv
    csv_formatter.save()
  File "/home/kakamatsu/.conda/envs/r_py/lib/python3.11/site-packages/pandas/io/formats/csvs.py", line 240, in save
    with get_handle(
         ^^^^^^^^^^^
  File "/home/kakamatsu/.conda/envs/r_py/lib/python3.11/site-packages/pandas/io/common.py", line 737, in get_handle
    check_parent_directory(str(handle))
  File "/home/kakamatsu/.conda/envs/r_py/lib/python3.11/site-packages/pandas/io/common.py", line 600, in check_parent_directory
    raise OSError(rf"Cannot save file into a non-existent directory: '{parent}'")
OSError: Cannot save file into a non-existent directory: '/expanse/lustre/projects/ddp412/kakamatsu/MAGEPRO_simulations/temp_240_h0.03/PRSCSx'
Traceback (most recent call last):
  File "/expanse/lustre/projects/ddp412/kakamatsu/MAGEPRO/SIMULATIONS/Sim_Model.py", line 512, in <module>
    prscsx_weights = PRSCSx_shrinkage(executable_dir, ld_reference_dir, prscsx_working_dir, sumstats_file, "500,500" , population_sumstat, bim, 1e-7, 8)
                     ^^^^^^^^^^^^^^^^^^^^^^^^^^^^^^^^^^^^^^^^^^^^^^^^^^^^^^^^^^^^^^^^^^^^^^^^^^^^^^^^^^^^^^^^^^^^^^^^^^^^^^^^^^^^^^^^^^^^^^^^^^^^^^^^^^^
  File "/expanse/lustre/projects/ddp412/kakamatsu/MAGEPRO/SIMULATIONS/Sim_Model.py", line 373, in PRSCSx_shrinkage
    BIM.to_csv(os.path.join(working_dir, "snps.bim"), sep='\t', index=False, header=False, quoting=False)
  File "/home/kakamatsu/.conda/envs/r_py/lib/python3.11/site-packages/pandas/core/generic.py", line 3772, in to_csv
    return DataFrameRenderer(formatter).to_csv(
           ^^^^^^^^^^^^^^^^^^^^^^^^^^^^^^^^^^^^
  File "/home/kakamatsu/.conda/envs/r_py/lib/python3.11/site-packages/pandas/io/formats/format.py", line 1186, in to_csv
    csv_formatter.save()
  File "/home/kakamatsu/.conda/envs/r_py/lib/python3.11/site-packages/pandas/io/formats/csvs.py", line 240, in save
    with get_handle(
         ^^^^^^^^^^^
  File "/home/kakamatsu/.conda/envs/r_py/lib/python3.11/site-packages/pandas/io/common.py", line 737, in get_handle
    check_parent_directory(str(handle))
  File "/home/kakamatsu/.conda/envs/r_py/lib/python3.11/site-packages/pandas/io/common.py", line 600, in check_parent_directory
    raise OSError(rf"Cannot save file into a non-existent directory: '{parent}'")
OSError: Cannot save file into a non-existent directory: '/expanse/lustre/projects/ddp412/kakamatsu/MAGEPRO_simulations/temp_400_h0.03/PRSCSx'
Traceback (most recent call last):
  File "/expanse/lustre/projects/ddp412/kakamatsu/MAGEPRO/SIMULATIONS/Sim_Model.py", line 512, in <module>
    prscsx_weights = PRSCSx_shrinkage(executable_dir, ld_reference_dir, prscsx_working_dir, sumstats_file, "500,500" , population_sumstat, bim, 1e-7, 8)
                     ^^^^^^^^^^^^^^^^^^^^^^^^^^^^^^^^^^^^^^^^^^^^^^^^^^^^^^^^^^^^^^^^^^^^^^^^^^^^^^^^^^^^^^^^^^^^^^^^^^^^^^^^^^^^^^^^^^^^^^^^^^^^^^^^^^^
  File "/expanse/lustre/projects/ddp412/kakamatsu/MAGEPRO/SIMULATIONS/Sim_Model.py", line 373, in PRSCSx_shrinkage
    BIM.to_csv(os.path.join(working_dir, "snps.bim"), sep='\t', index=False, header=False, quoting=False)
  File "/home/kakamatsu/.conda/envs/r_py/lib/python3.11/site-packages/pandas/core/generic.py", line 3772, in to_csv
    return DataFrameRenderer(formatter).to_csv(
           ^^^^^^^^^^^^^^^^^^^^^^^^^^^^^^^^^^^^
  File "/home/kakamatsu/.conda/envs/r_py/lib/python3.11/site-packages/pandas/io/formats/format.py", line 1186, in to_csv
    csv_formatter.save()
  File "/home/kakamatsu/.conda/envs/r_py/lib/python3.11/site-packages/pandas/io/formats/csvs.py", line 240, in save
    with get_handle(
         ^^^^^^^^^^^
  File "/home/kakamatsu/.conda/envs/r_py/lib/python3.11/site-packages/pandas/io/common.py", line 737, in get_handle
    check_parent_directory(str(handle))
  File "/home/kakamatsu/.conda/envs/r_py/lib/python3.11/site-packages/pandas/io/common.py", line 600, in check_parent_directory
    raise OSError(rf"Cannot save file into a non-existent directory: '{parent}'")
OSError: Cannot save file into a non-existent directory: '/expanse/lustre/projects/ddp412/kakamatsu/MAGEPRO_simulations/temp_500_h0.03/PRSCSx'
/home/kakamatsu/.conda/envs/r_py/lib/python3.11/site-packages/sklearn/linear_model/_coordinate_descent.py:628: ConvergenceWarning: Objective did not converge. You might want to increase the number of iterations, check the scale of the features or consider increasing regularisation. Duality gap: 7.487e-03, tolerance: 6.400e-03
  model = cd_fast.enet_coordinate_descent(
Traceback (most recent call last):
  File "/expanse/lustre/projects/ddp412/kakamatsu/MAGEPRO/SIMULATIONS/Sim_Model.py", line 512, in <module>
    prscsx_weights = PRSCSx_shrinkage(executable_dir, ld_reference_dir, prscsx_working_dir, sumstats_file, "500,500" , population_sumstat, bim, 1e-7, 8)
                     ^^^^^^^^^^^^^^^^^^^^^^^^^^^^^^^^^^^^^^^^^^^^^^^^^^^^^^^^^^^^^^^^^^^^^^^^^^^^^^^^^^^^^^^^^^^^^^^^^^^^^^^^^^^^^^^^^^^^^^^^^^^^^^^^^^^
  File "/expanse/lustre/projects/ddp412/kakamatsu/MAGEPRO/SIMULATIONS/Sim_Model.py", line 373, in PRSCSx_shrinkage
    BIM.to_csv(os.path.join(working_dir, "snps.bim"), sep='\t', index=False, header=False, quoting=False)
  File "/home/kakamatsu/.conda/envs/r_py/lib/python3.11/site-packages/pandas/core/generic.py", line 3772, in to_csv
    return DataFrameRenderer(formatter).to_csv(
           ^^^^^^^^^^^^^^^^^^^^^^^^^^^^^^^^^^^^
  File "/home/kakamatsu/.conda/envs/r_py/lib/python3.11/site-packages/pandas/io/formats/format.py", line 1186, in to_csv
    csv_formatter.save()
  File "/home/kakamatsu/.conda/envs/r_py/lib/python3.11/site-packages/pandas/io/formats/csvs.py", line 240, in save
    with get_handle(
         ^^^^^^^^^^^
  File "/home/kakamatsu/.conda/envs/r_py/lib/python3.11/site-packages/pandas/io/common.py", line 737, in get_handle
    check_parent_directory(str(handle))
  File "/home/kakamatsu/.conda/envs/r_py/lib/python3.11/site-packages/pandas/io/common.py", line 600, in check_parent_directory
    raise OSError(rf"Cannot save file into a non-existent directory: '{parent}'")
OSError: Cannot save file into a non-existent directory: '/expanse/lustre/projects/ddp412/kakamatsu/MAGEPRO_simulations/temp_80_h0.03/PRSCSx'
Traceback (most recent call last):
  File "/expanse/lustre/projects/ddp412/kakamatsu/MAGEPRO/SIMULATIONS/Sim_Model.py", line 512, in <module>
    prscsx_weights = PRSCSx_shrinkage(executable_dir, ld_reference_dir, prscsx_working_dir, sumstats_file, "500,500" , population_sumstat, bim, 1e-7, 8)
                     ^^^^^^^^^^^^^^^^^^^^^^^^^^^^^^^^^^^^^^^^^^^^^^^^^^^^^^^^^^^^^^^^^^^^^^^^^^^^^^^^^^^^^^^^^^^^^^^^^^^^^^^^^^^^^^^^^^^^^^^^^^^^^^^^^^^
  File "/expanse/lustre/projects/ddp412/kakamatsu/MAGEPRO/SIMULATIONS/Sim_Model.py", line 373, in PRSCSx_shrinkage
    BIM.to_csv(os.path.join(working_dir, "snps.bim"), sep='\t', index=False, header=False, quoting=False)
  File "/home/kakamatsu/.conda/envs/r_py/lib/python3.11/site-packages/pandas/core/generic.py", line 3772, in to_csv
    return DataFrameRenderer(formatter).to_csv(
           ^^^^^^^^^^^^^^^^^^^^^^^^^^^^^^^^^^^^
  File "/home/kakamatsu/.conda/envs/r_py/lib/python3.11/site-packages/pandas/io/formats/format.py", line 1186, in to_csv
    csv_formatter.save()
  File "/home/kakamatsu/.conda/envs/r_py/lib/python3.11/site-packages/pandas/io/formats/csvs.py", line 240, in save
    with get_handle(
         ^^^^^^^^^^^
  File "/home/kakamatsu/.conda/envs/r_py/lib/python3.11/site-packages/pandas/io/common.py", line 737, in get_handle
    check_parent_directory(str(handle))
  File "/home/kakamatsu/.conda/envs/r_py/lib/python3.11/site-packages/pandas/io/common.py", line 600, in check_parent_directory
    raise OSError(rf"Cannot save file into a non-existent directory: '{parent}'")
OSError: Cannot save file into a non-existent directory: '/expanse/lustre/projects/ddp412/kakamatsu/MAGEPRO_simulations/temp_160_h0.03/PRSCSx'
Traceback (most recent call last):
  File "/expanse/lustre/projects/ddp412/kakamatsu/MAGEPRO/SIMULATIONS/Sim_Model.py", line 512, in <module>
    prscsx_weights = PRSCSx_shrinkage(executable_dir, ld_reference_dir, prscsx_working_dir, sumstats_file, "500,500" , population_sumstat, bim, 1e-7, 8)
                     ^^^^^^^^^^^^^^^^^^^^^^^^^^^^^^^^^^^^^^^^^^^^^^^^^^^^^^^^^^^^^^^^^^^^^^^^^^^^^^^^^^^^^^^^^^^^^^^^^^^^^^^^^^^^^^^^^^^^^^^^^^^^^^^^^^^
  File "/expanse/lustre/projects/ddp412/kakamatsu/MAGEPRO/SIMULATIONS/Sim_Model.py", line 373, in PRSCSx_shrinkage
    BIM.to_csv(os.path.join(working_dir, "snps.bim"), sep='\t', index=False, header=False, quoting=False)
  File "/home/kakamatsu/.conda/envs/r_py/lib/python3.11/site-packages/pandas/core/generic.py", line 3772, in to_csv
    return DataFrameRenderer(formatter).to_csv(
           ^^^^^^^^^^^^^^^^^^^^^^^^^^^^^^^^^^^^
  File "/home/kakamatsu/.conda/envs/r_py/lib/python3.11/site-packages/pandas/io/formats/format.py", line 1186, in to_csv
    csv_formatter.save()
  File "/home/kakamatsu/.conda/envs/r_py/lib/python3.11/site-packages/pandas/io/formats/csvs.py", line 240, in save
    with get_handle(
         ^^^^^^^^^^^
  File "/home/kakamatsu/.conda/envs/r_py/lib/python3.11/site-packages/pandas/io/common.py", line 737, in get_handle
    check_parent_directory(str(handle))
  File "/home/kakamatsu/.conda/envs/r_py/lib/python3.11/site-packages/pandas/io/common.py", line 600, in check_parent_directory
    raise OSError(rf"Cannot save file into a non-existent directory: '{parent}'")
OSError: Cannot save file into a non-existent directory: '/expanse/lustre/projects/ddp412/kakamatsu/MAGEPRO_simulations/temp_240_h0.03/PRSCSx'
Traceback (most recent call last):
  File "/expanse/lustre/projects/ddp412/kakamatsu/MAGEPRO/SIMULATIONS/Sim_Model.py", line 512, in <module>
    prscsx_weights = PRSCSx_shrinkage(executable_dir, ld_reference_dir, prscsx_working_dir, sumstats_file, "500,500" , population_sumstat, bim, 1e-7, 8)
                     ^^^^^^^^^^^^^^^^^^^^^^^^^^^^^^^^^^^^^^^^^^^^^^^^^^^^^^^^^^^^^^^^^^^^^^^^^^^^^^^^^^^^^^^^^^^^^^^^^^^^^^^^^^^^^^^^^^^^^^^^^^^^^^^^^^^
  File "/expanse/lustre/projects/ddp412/kakamatsu/MAGEPRO/SIMULATIONS/Sim_Model.py", line 373, in PRSCSx_shrinkage
    BIM.to_csv(os.path.join(working_dir, "snps.bim"), sep='\t', index=False, header=False, quoting=False)
  File "/home/kakamatsu/.conda/envs/r_py/lib/python3.11/site-packages/pandas/core/generic.py", line 3772, in to_csv
    return DataFrameRenderer(formatter).to_csv(
           ^^^^^^^^^^^^^^^^^^^^^^^^^^^^^^^^^^^^
  File "/home/kakamatsu/.conda/envs/r_py/lib/python3.11/site-packages/pandas/io/formats/format.py", line 1186, in to_csv
    csv_formatter.save()
  File "/home/kakamatsu/.conda/envs/r_py/lib/python3.11/site-packages/pandas/io/formats/csvs.py", line 240, in save
    with get_handle(
         ^^^^^^^^^^^
  File "/home/kakamatsu/.conda/envs/r_py/lib/python3.11/site-packages/pandas/io/common.py", line 737, in get_handle
    check_parent_directory(str(handle))
  File "/home/kakamatsu/.conda/envs/r_py/lib/python3.11/site-packages/pandas/io/common.py", line 600, in check_parent_directory
    raise OSError(rf"Cannot save file into a non-existent directory: '{parent}'")
OSError: Cannot save file into a non-existent directory: '/expanse/lustre/projects/ddp412/kakamatsu/MAGEPRO_simulations/temp_400_h0.03/PRSCSx'
Traceback (most recent call last):
  File "/expanse/lustre/projects/ddp412/kakamatsu/MAGEPRO/SIMULATIONS/Sim_Model.py", line 512, in <module>
    prscsx_weights = PRSCSx_shrinkage(executable_dir, ld_reference_dir, prscsx_working_dir, sumstats_file, "500,500" , population_sumstat, bim, 1e-7, 8)
                     ^^^^^^^^^^^^^^^^^^^^^^^^^^^^^^^^^^^^^^^^^^^^^^^^^^^^^^^^^^^^^^^^^^^^^^^^^^^^^^^^^^^^^^^^^^^^^^^^^^^^^^^^^^^^^^^^^^^^^^^^^^^^^^^^^^^
  File "/expanse/lustre/projects/ddp412/kakamatsu/MAGEPRO/SIMULATIONS/Sim_Model.py", line 373, in PRSCSx_shrinkage
    BIM.to_csv(os.path.join(working_dir, "snps.bim"), sep='\t', index=False, header=False, quoting=False)
  File "/home/kakamatsu/.conda/envs/r_py/lib/python3.11/site-packages/pandas/core/generic.py", line 3772, in to_csv
    return DataFrameRenderer(formatter).to_csv(
           ^^^^^^^^^^^^^^^^^^^^^^^^^^^^^^^^^^^^
  File "/home/kakamatsu/.conda/envs/r_py/lib/python3.11/site-packages/pandas/io/formats/format.py", line 1186, in to_csv
    csv_formatter.save()
  File "/home/kakamatsu/.conda/envs/r_py/lib/python3.11/site-packages/pandas/io/formats/csvs.py", line 240, in save
    with get_handle(
         ^^^^^^^^^^^
  File "/home/kakamatsu/.conda/envs/r_py/lib/python3.11/site-packages/pandas/io/common.py", line 737, in get_handle
    check_parent_directory(str(handle))
  File "/home/kakamatsu/.conda/envs/r_py/lib/python3.11/site-packages/pandas/io/common.py", line 600, in check_parent_directory
    raise OSError(rf"Cannot save file into a non-existent directory: '{parent}'")
OSError: Cannot save file into a non-existent directory: '/expanse/lustre/projects/ddp412/kakamatsu/MAGEPRO_simulations/temp_500_h0.03/PRSCSx'
Traceback (most recent call last):
  File "/expanse/lustre/projects/ddp412/kakamatsu/MAGEPRO/SIMULATIONS/Sim_Model.py", line 512, in <module>
    prscsx_weights = PRSCSx_shrinkage(executable_dir, ld_reference_dir, prscsx_working_dir, sumstats_file, "500,500" , population_sumstat, bim, 1e-7, 8)
                     ^^^^^^^^^^^^^^^^^^^^^^^^^^^^^^^^^^^^^^^^^^^^^^^^^^^^^^^^^^^^^^^^^^^^^^^^^^^^^^^^^^^^^^^^^^^^^^^^^^^^^^^^^^^^^^^^^^^^^^^^^^^^^^^^^^^
  File "/expanse/lustre/projects/ddp412/kakamatsu/MAGEPRO/SIMULATIONS/Sim_Model.py", line 373, in PRSCSx_shrinkage
    BIM.to_csv(os.path.join(working_dir, "snps.bim"), sep='\t', index=False, header=False, quoting=False)
  File "/home/kakamatsu/.conda/envs/r_py/lib/python3.11/site-packages/pandas/core/generic.py", line 3772, in to_csv
    return DataFrameRenderer(formatter).to_csv(
           ^^^^^^^^^^^^^^^^^^^^^^^^^^^^^^^^^^^^
  File "/home/kakamatsu/.conda/envs/r_py/lib/python3.11/site-packages/pandas/io/formats/format.py", line 1186, in to_csv
    csv_formatter.save()
  File "/home/kakamatsu/.conda/envs/r_py/lib/python3.11/site-packages/pandas/io/formats/csvs.py", line 240, in save
    with get_handle(
         ^^^^^^^^^^^
  File "/home/kakamatsu/.conda/envs/r_py/lib/python3.11/site-packages/pandas/io/common.py", line 737, in get_handle
    check_parent_directory(str(handle))
  File "/home/kakamatsu/.conda/envs/r_py/lib/python3.11/site-packages/pandas/io/common.py", line 600, in check_parent_directory
    raise OSError(rf"Cannot save file into a non-existent directory: '{parent}'")
OSError: Cannot save file into a non-existent directory: '/expanse/lustre/projects/ddp412/kakamatsu/MAGEPRO_simulations/temp_80_h0.03/PRSCSx'
Traceback (most recent call last):
  File "/expanse/lustre/projects/ddp412/kakamatsu/MAGEPRO/SIMULATIONS/Sim_Model.py", line 512, in <module>
    prscsx_weights = PRSCSx_shrinkage(executable_dir, ld_reference_dir, prscsx_working_dir, sumstats_file, "500,500" , population_sumstat, bim, 1e-7, 8)
                     ^^^^^^^^^^^^^^^^^^^^^^^^^^^^^^^^^^^^^^^^^^^^^^^^^^^^^^^^^^^^^^^^^^^^^^^^^^^^^^^^^^^^^^^^^^^^^^^^^^^^^^^^^^^^^^^^^^^^^^^^^^^^^^^^^^^
  File "/expanse/lustre/projects/ddp412/kakamatsu/MAGEPRO/SIMULATIONS/Sim_Model.py", line 373, in PRSCSx_shrinkage
    BIM.to_csv(os.path.join(working_dir, "snps.bim"), sep='\t', index=False, header=False, quoting=False)
  File "/home/kakamatsu/.conda/envs/r_py/lib/python3.11/site-packages/pandas/core/generic.py", line 3772, in to_csv
    return DataFrameRenderer(formatter).to_csv(
           ^^^^^^^^^^^^^^^^^^^^^^^^^^^^^^^^^^^^
  File "/home/kakamatsu/.conda/envs/r_py/lib/python3.11/site-packages/pandas/io/formats/format.py", line 1186, in to_csv
    csv_formatter.save()
  File "/home/kakamatsu/.conda/envs/r_py/lib/python3.11/site-packages/pandas/io/formats/csvs.py", line 240, in save
    with get_handle(
         ^^^^^^^^^^^
  File "/home/kakamatsu/.conda/envs/r_py/lib/python3.11/site-packages/pandas/io/common.py", line 737, in get_handle
    check_parent_directory(str(handle))
  File "/home/kakamatsu/.conda/envs/r_py/lib/python3.11/site-packages/pandas/io/common.py", line 600, in check_parent_directory
    raise OSError(rf"Cannot save file into a non-existent directory: '{parent}'")
OSError: Cannot save file into a non-existent directory: '/expanse/lustre/projects/ddp412/kakamatsu/MAGEPRO_simulations/temp_160_h0.03/PRSCSx'
Traceback (most recent call last):
  File "/expanse/lustre/projects/ddp412/kakamatsu/MAGEPRO/SIMULATIONS/Sim_Model.py", line 512, in <module>
    prscsx_weights = PRSCSx_shrinkage(executable_dir, ld_reference_dir, prscsx_working_dir, sumstats_file, "500,500" , population_sumstat, bim, 1e-7, 8)
                     ^^^^^^^^^^^^^^^^^^^^^^^^^^^^^^^^^^^^^^^^^^^^^^^^^^^^^^^^^^^^^^^^^^^^^^^^^^^^^^^^^^^^^^^^^^^^^^^^^^^^^^^^^^^^^^^^^^^^^^^^^^^^^^^^^^^
  File "/expanse/lustre/projects/ddp412/kakamatsu/MAGEPRO/SIMULATIONS/Sim_Model.py", line 373, in PRSCSx_shrinkage
    BIM.to_csv(os.path.join(working_dir, "snps.bim"), sep='\t', index=False, header=False, quoting=False)
  File "/home/kakamatsu/.conda/envs/r_py/lib/python3.11/site-packages/pandas/core/generic.py", line 3772, in to_csv
    return DataFrameRenderer(formatter).to_csv(
           ^^^^^^^^^^^^^^^^^^^^^^^^^^^^^^^^^^^^
  File "/home/kakamatsu/.conda/envs/r_py/lib/python3.11/site-packages/pandas/io/formats/format.py", line 1186, in to_csv
    csv_formatter.save()
  File "/home/kakamatsu/.conda/envs/r_py/lib/python3.11/site-packages/pandas/io/formats/csvs.py", line 240, in save
    with get_handle(
         ^^^^^^^^^^^
  File "/home/kakamatsu/.conda/envs/r_py/lib/python3.11/site-packages/pandas/io/common.py", line 737, in get_handle
    check_parent_directory(str(handle))
  File "/home/kakamatsu/.conda/envs/r_py/lib/python3.11/site-packages/pandas/io/common.py", line 600, in check_parent_directory
    raise OSError(rf"Cannot save file into a non-existent directory: '{parent}'")
OSError: Cannot save file into a non-existent directory: '/expanse/lustre/projects/ddp412/kakamatsu/MAGEPRO_simulations/temp_240_h0.03/PRSCSx'
Traceback (most recent call last):
  File "/expanse/lustre/projects/ddp412/kakamatsu/MAGEPRO/SIMULATIONS/Sim_Model.py", line 512, in <module>
    prscsx_weights = PRSCSx_shrinkage(executable_dir, ld_reference_dir, prscsx_working_dir, sumstats_file, "500,500" , population_sumstat, bim, 1e-7, 8)
                     ^^^^^^^^^^^^^^^^^^^^^^^^^^^^^^^^^^^^^^^^^^^^^^^^^^^^^^^^^^^^^^^^^^^^^^^^^^^^^^^^^^^^^^^^^^^^^^^^^^^^^^^^^^^^^^^^^^^^^^^^^^^^^^^^^^^
  File "/expanse/lustre/projects/ddp412/kakamatsu/MAGEPRO/SIMULATIONS/Sim_Model.py", line 373, in PRSCSx_shrinkage
    BIM.to_csv(os.path.join(working_dir, "snps.bim"), sep='\t', index=False, header=False, quoting=False)
  File "/home/kakamatsu/.conda/envs/r_py/lib/python3.11/site-packages/pandas/core/generic.py", line 3772, in to_csv
    return DataFrameRenderer(formatter).to_csv(
           ^^^^^^^^^^^^^^^^^^^^^^^^^^^^^^^^^^^^
  File "/home/kakamatsu/.conda/envs/r_py/lib/python3.11/site-packages/pandas/io/formats/format.py", line 1186, in to_csv
    csv_formatter.save()
  File "/home/kakamatsu/.conda/envs/r_py/lib/python3.11/site-packages/pandas/io/formats/csvs.py", line 240, in save
    with get_handle(
         ^^^^^^^^^^^
  File "/home/kakamatsu/.conda/envs/r_py/lib/python3.11/site-packages/pandas/io/common.py", line 737, in get_handle
    check_parent_directory(str(handle))
  File "/home/kakamatsu/.conda/envs/r_py/lib/python3.11/site-packages/pandas/io/common.py", line 600, in check_parent_directory
    raise OSError(rf"Cannot save file into a non-existent directory: '{parent}'")
OSError: Cannot save file into a non-existent directory: '/expanse/lustre/projects/ddp412/kakamatsu/MAGEPRO_simulations/temp_400_h0.03/PRSCSx'
Traceback (most recent call last):
  File "/expanse/lustre/projects/ddp412/kakamatsu/MAGEPRO/SIMULATIONS/Sim_Model.py", line 512, in <module>
    prscsx_weights = PRSCSx_shrinkage(executable_dir, ld_reference_dir, prscsx_working_dir, sumstats_file, "500,500" , population_sumstat, bim, 1e-7, 8)
                     ^^^^^^^^^^^^^^^^^^^^^^^^^^^^^^^^^^^^^^^^^^^^^^^^^^^^^^^^^^^^^^^^^^^^^^^^^^^^^^^^^^^^^^^^^^^^^^^^^^^^^^^^^^^^^^^^^^^^^^^^^^^^^^^^^^^
  File "/expanse/lustre/projects/ddp412/kakamatsu/MAGEPRO/SIMULATIONS/Sim_Model.py", line 373, in PRSCSx_shrinkage
    BIM.to_csv(os.path.join(working_dir, "snps.bim"), sep='\t', index=False, header=False, quoting=False)
  File "/home/kakamatsu/.conda/envs/r_py/lib/python3.11/site-packages/pandas/core/generic.py", line 3772, in to_csv
    return DataFrameRenderer(formatter).to_csv(
           ^^^^^^^^^^^^^^^^^^^^^^^^^^^^^^^^^^^^
  File "/home/kakamatsu/.conda/envs/r_py/lib/python3.11/site-packages/pandas/io/formats/format.py", line 1186, in to_csv
    csv_formatter.save()
  File "/home/kakamatsu/.conda/envs/r_py/lib/python3.11/site-packages/pandas/io/formats/csvs.py", line 240, in save
    with get_handle(
         ^^^^^^^^^^^
  File "/home/kakamatsu/.conda/envs/r_py/lib/python3.11/site-packages/pandas/io/common.py", line 737, in get_handle
    check_parent_directory(str(handle))
  File "/home/kakamatsu/.conda/envs/r_py/lib/python3.11/site-packages/pandas/io/common.py", line 600, in check_parent_directory
    raise OSError(rf"Cannot save file into a non-existent directory: '{parent}'")
OSError: Cannot save file into a non-existent directory: '/expanse/lustre/projects/ddp412/kakamatsu/MAGEPRO_simulations/temp_500_h0.03/PRSCSx'
Traceback (most recent call last):
  File "/expanse/lustre/projects/ddp412/kakamatsu/MAGEPRO/SIMULATIONS/Sim_Model.py", line 512, in <module>
    prscsx_weights = PRSCSx_shrinkage(executable_dir, ld_reference_dir, prscsx_working_dir, sumstats_file, "500,500" , population_sumstat, bim, 1e-7, 8)
                     ^^^^^^^^^^^^^^^^^^^^^^^^^^^^^^^^^^^^^^^^^^^^^^^^^^^^^^^^^^^^^^^^^^^^^^^^^^^^^^^^^^^^^^^^^^^^^^^^^^^^^^^^^^^^^^^^^^^^^^^^^^^^^^^^^^^
  File "/expanse/lustre/projects/ddp412/kakamatsu/MAGEPRO/SIMULATIONS/Sim_Model.py", line 373, in PRSCSx_shrinkage
    BIM.to_csv(os.path.join(working_dir, "snps.bim"), sep='\t', index=False, header=False, quoting=False)
  File "/home/kakamatsu/.conda/envs/r_py/lib/python3.11/site-packages/pandas/core/generic.py", line 3772, in to_csv
    return DataFrameRenderer(formatter).to_csv(
           ^^^^^^^^^^^^^^^^^^^^^^^^^^^^^^^^^^^^
  File "/home/kakamatsu/.conda/envs/r_py/lib/python3.11/site-packages/pandas/io/formats/format.py", line 1186, in to_csv
    csv_formatter.save()
  File "/home/kakamatsu/.conda/envs/r_py/lib/python3.11/site-packages/pandas/io/formats/csvs.py", line 240, in save
    with get_handle(
         ^^^^^^^^^^^
  File "/home/kakamatsu/.conda/envs/r_py/lib/python3.11/site-packages/pandas/io/common.py", line 737, in get_handle
    check_parent_directory(str(handle))
  File "/home/kakamatsu/.conda/envs/r_py/lib/python3.11/site-packages/pandas/io/common.py", line 600, in check_parent_directory
    raise OSError(rf"Cannot save file into a non-existent directory: '{parent}'")
OSError: Cannot save file into a non-existent directory: '/expanse/lustre/projects/ddp412/kakamatsu/MAGEPRO_simulations/temp_80_h0.03/PRSCSx'
Traceback (most recent call last):
  File "/expanse/lustre/projects/ddp412/kakamatsu/MAGEPRO/SIMULATIONS/Sim_Model.py", line 512, in <module>
    prscsx_weights = PRSCSx_shrinkage(executable_dir, ld_reference_dir, prscsx_working_dir, sumstats_file, "500,500" , population_sumstat, bim, 1e-7, 8)
                     ^^^^^^^^^^^^^^^^^^^^^^^^^^^^^^^^^^^^^^^^^^^^^^^^^^^^^^^^^^^^^^^^^^^^^^^^^^^^^^^^^^^^^^^^^^^^^^^^^^^^^^^^^^^^^^^^^^^^^^^^^^^^^^^^^^^
  File "/expanse/lustre/projects/ddp412/kakamatsu/MAGEPRO/SIMULATIONS/Sim_Model.py", line 373, in PRSCSx_shrinkage
    BIM.to_csv(os.path.join(working_dir, "snps.bim"), sep='\t', index=False, header=False, quoting=False)
  File "/home/kakamatsu/.conda/envs/r_py/lib/python3.11/site-packages/pandas/core/generic.py", line 3772, in to_csv
    return DataFrameRenderer(formatter).to_csv(
           ^^^^^^^^^^^^^^^^^^^^^^^^^^^^^^^^^^^^
  File "/home/kakamatsu/.conda/envs/r_py/lib/python3.11/site-packages/pandas/io/formats/format.py", line 1186, in to_csv
    csv_formatter.save()
  File "/home/kakamatsu/.conda/envs/r_py/lib/python3.11/site-packages/pandas/io/formats/csvs.py", line 240, in save
    with get_handle(
         ^^^^^^^^^^^
  File "/home/kakamatsu/.conda/envs/r_py/lib/python3.11/site-packages/pandas/io/common.py", line 737, in get_handle
    check_parent_directory(str(handle))
  File "/home/kakamatsu/.conda/envs/r_py/lib/python3.11/site-packages/pandas/io/common.py", line 600, in check_parent_directory
    raise OSError(rf"Cannot save file into a non-existent directory: '{parent}'")
OSError: Cannot save file into a non-existent directory: '/expanse/lustre/projects/ddp412/kakamatsu/MAGEPRO_simulations/temp_160_h0.03/PRSCSx'
Traceback (most recent call last):
  File "/expanse/lustre/projects/ddp412/kakamatsu/MAGEPRO/SIMULATIONS/Sim_Model.py", line 512, in <module>
    prscsx_weights = PRSCSx_shrinkage(executable_dir, ld_reference_dir, prscsx_working_dir, sumstats_file, "500,500" , population_sumstat, bim, 1e-7, 8)
                     ^^^^^^^^^^^^^^^^^^^^^^^^^^^^^^^^^^^^^^^^^^^^^^^^^^^^^^^^^^^^^^^^^^^^^^^^^^^^^^^^^^^^^^^^^^^^^^^^^^^^^^^^^^^^^^^^^^^^^^^^^^^^^^^^^^^
  File "/expanse/lustre/projects/ddp412/kakamatsu/MAGEPRO/SIMULATIONS/Sim_Model.py", line 373, in PRSCSx_shrinkage
    BIM.to_csv(os.path.join(working_dir, "snps.bim"), sep='\t', index=False, header=False, quoting=False)
  File "/home/kakamatsu/.conda/envs/r_py/lib/python3.11/site-packages/pandas/core/generic.py", line 3772, in to_csv
    return DataFrameRenderer(formatter).to_csv(
           ^^^^^^^^^^^^^^^^^^^^^^^^^^^^^^^^^^^^
  File "/home/kakamatsu/.conda/envs/r_py/lib/python3.11/site-packages/pandas/io/formats/format.py", line 1186, in to_csv
    csv_formatter.save()
  File "/home/kakamatsu/.conda/envs/r_py/lib/python3.11/site-packages/pandas/io/formats/csvs.py", line 240, in save
    with get_handle(
         ^^^^^^^^^^^
  File "/home/kakamatsu/.conda/envs/r_py/lib/python3.11/site-packages/pandas/io/common.py", line 737, in get_handle
    check_parent_directory(str(handle))
  File "/home/kakamatsu/.conda/envs/r_py/lib/python3.11/site-packages/pandas/io/common.py", line 600, in check_parent_directory
    raise OSError(rf"Cannot save file into a non-existent directory: '{parent}'")
OSError: Cannot save file into a non-existent directory: '/expanse/lustre/projects/ddp412/kakamatsu/MAGEPRO_simulations/temp_240_h0.03/PRSCSx'
Traceback (most recent call last):
  File "/expanse/lustre/projects/ddp412/kakamatsu/MAGEPRO/SIMULATIONS/Sim_Model.py", line 512, in <module>
    prscsx_weights = PRSCSx_shrinkage(executable_dir, ld_reference_dir, prscsx_working_dir, sumstats_file, "500,500" , population_sumstat, bim, 1e-7, 8)
                     ^^^^^^^^^^^^^^^^^^^^^^^^^^^^^^^^^^^^^^^^^^^^^^^^^^^^^^^^^^^^^^^^^^^^^^^^^^^^^^^^^^^^^^^^^^^^^^^^^^^^^^^^^^^^^^^^^^^^^^^^^^^^^^^^^^^
  File "/expanse/lustre/projects/ddp412/kakamatsu/MAGEPRO/SIMULATIONS/Sim_Model.py", line 373, in PRSCSx_shrinkage
    BIM.to_csv(os.path.join(working_dir, "snps.bim"), sep='\t', index=False, header=False, quoting=False)
  File "/home/kakamatsu/.conda/envs/r_py/lib/python3.11/site-packages/pandas/core/generic.py", line 3772, in to_csv
    return DataFrameRenderer(formatter).to_csv(
           ^^^^^^^^^^^^^^^^^^^^^^^^^^^^^^^^^^^^
  File "/home/kakamatsu/.conda/envs/r_py/lib/python3.11/site-packages/pandas/io/formats/format.py", line 1186, in to_csv
    csv_formatter.save()
  File "/home/kakamatsu/.conda/envs/r_py/lib/python3.11/site-packages/pandas/io/formats/csvs.py", line 240, in save
    with get_handle(
         ^^^^^^^^^^^
  File "/home/kakamatsu/.conda/envs/r_py/lib/python3.11/site-packages/pandas/io/common.py", line 737, in get_handle
    check_parent_directory(str(handle))
  File "/home/kakamatsu/.conda/envs/r_py/lib/python3.11/site-packages/pandas/io/common.py", line 600, in check_parent_directory
    raise OSError(rf"Cannot save file into a non-existent directory: '{parent}'")
OSError: Cannot save file into a non-existent directory: '/expanse/lustre/projects/ddp412/kakamatsu/MAGEPRO_simulations/temp_400_h0.03/PRSCSx'
Traceback (most recent call last):
  File "/expanse/lustre/projects/ddp412/kakamatsu/MAGEPRO/SIMULATIONS/Sim_Model.py", line 512, in <module>
    prscsx_weights = PRSCSx_shrinkage(executable_dir, ld_reference_dir, prscsx_working_dir, sumstats_file, "500,500" , population_sumstat, bim, 1e-7, 8)
                     ^^^^^^^^^^^^^^^^^^^^^^^^^^^^^^^^^^^^^^^^^^^^^^^^^^^^^^^^^^^^^^^^^^^^^^^^^^^^^^^^^^^^^^^^^^^^^^^^^^^^^^^^^^^^^^^^^^^^^^^^^^^^^^^^^^^
  File "/expanse/lustre/projects/ddp412/kakamatsu/MAGEPRO/SIMULATIONS/Sim_Model.py", line 373, in PRSCSx_shrinkage
    BIM.to_csv(os.path.join(working_dir, "snps.bim"), sep='\t', index=False, header=False, quoting=False)
  File "/home/kakamatsu/.conda/envs/r_py/lib/python3.11/site-packages/pandas/core/generic.py", line 3772, in to_csv
    return DataFrameRenderer(formatter).to_csv(
           ^^^^^^^^^^^^^^^^^^^^^^^^^^^^^^^^^^^^
  File "/home/kakamatsu/.conda/envs/r_py/lib/python3.11/site-packages/pandas/io/formats/format.py", line 1186, in to_csv
    csv_formatter.save()
  File "/home/kakamatsu/.conda/envs/r_py/lib/python3.11/site-packages/pandas/io/formats/csvs.py", line 240, in save
    with get_handle(
         ^^^^^^^^^^^
  File "/home/kakamatsu/.conda/envs/r_py/lib/python3.11/site-packages/pandas/io/common.py", line 737, in get_handle
    check_parent_directory(str(handle))
  File "/home/kakamatsu/.conda/envs/r_py/lib/python3.11/site-packages/pandas/io/common.py", line 600, in check_parent_directory
    raise OSError(rf"Cannot save file into a non-existent directory: '{parent}'")
OSError: Cannot save file into a non-existent directory: '/expanse/lustre/projects/ddp412/kakamatsu/MAGEPRO_simulations/temp_500_h0.03/PRSCSx'
Traceback (most recent call last):
  File "/expanse/lustre/projects/ddp412/kakamatsu/MAGEPRO/SIMULATIONS/Sim_Model.py", line 512, in <module>
    prscsx_weights = PRSCSx_shrinkage(executable_dir, ld_reference_dir, prscsx_working_dir, sumstats_file, "500,500" , population_sumstat, bim, 1e-7, 8)
                     ^^^^^^^^^^^^^^^^^^^^^^^^^^^^^^^^^^^^^^^^^^^^^^^^^^^^^^^^^^^^^^^^^^^^^^^^^^^^^^^^^^^^^^^^^^^^^^^^^^^^^^^^^^^^^^^^^^^^^^^^^^^^^^^^^^^
  File "/expanse/lustre/projects/ddp412/kakamatsu/MAGEPRO/SIMULATIONS/Sim_Model.py", line 373, in PRSCSx_shrinkage
    BIM.to_csv(os.path.join(working_dir, "snps.bim"), sep='\t', index=False, header=False, quoting=False)
  File "/home/kakamatsu/.conda/envs/r_py/lib/python3.11/site-packages/pandas/core/generic.py", line 3772, in to_csv
    return DataFrameRenderer(formatter).to_csv(
           ^^^^^^^^^^^^^^^^^^^^^^^^^^^^^^^^^^^^
  File "/home/kakamatsu/.conda/envs/r_py/lib/python3.11/site-packages/pandas/io/formats/format.py", line 1186, in to_csv
    csv_formatter.save()
  File "/home/kakamatsu/.conda/envs/r_py/lib/python3.11/site-packages/pandas/io/formats/csvs.py", line 240, in save
    with get_handle(
         ^^^^^^^^^^^
  File "/home/kakamatsu/.conda/envs/r_py/lib/python3.11/site-packages/pandas/io/common.py", line 737, in get_handle
    check_parent_directory(str(handle))
  File "/home/kakamatsu/.conda/envs/r_py/lib/python3.11/site-packages/pandas/io/common.py", line 600, in check_parent_directory
    raise OSError(rf"Cannot save file into a non-existent directory: '{parent}'")
OSError: Cannot save file into a non-existent directory: '/expanse/lustre/projects/ddp412/kakamatsu/MAGEPRO_simulations/temp_80_h0.03/PRSCSx'
Traceback (most recent call last):
  File "/expanse/lustre/projects/ddp412/kakamatsu/MAGEPRO/SIMULATIONS/Sim_Model.py", line 512, in <module>
    prscsx_weights = PRSCSx_shrinkage(executable_dir, ld_reference_dir, prscsx_working_dir, sumstats_file, "500,500" , population_sumstat, bim, 1e-7, 8)
                     ^^^^^^^^^^^^^^^^^^^^^^^^^^^^^^^^^^^^^^^^^^^^^^^^^^^^^^^^^^^^^^^^^^^^^^^^^^^^^^^^^^^^^^^^^^^^^^^^^^^^^^^^^^^^^^^^^^^^^^^^^^^^^^^^^^^
  File "/expanse/lustre/projects/ddp412/kakamatsu/MAGEPRO/SIMULATIONS/Sim_Model.py", line 373, in PRSCSx_shrinkage
    BIM.to_csv(os.path.join(working_dir, "snps.bim"), sep='\t', index=False, header=False, quoting=False)
  File "/home/kakamatsu/.conda/envs/r_py/lib/python3.11/site-packages/pandas/core/generic.py", line 3772, in to_csv
    return DataFrameRenderer(formatter).to_csv(
           ^^^^^^^^^^^^^^^^^^^^^^^^^^^^^^^^^^^^
  File "/home/kakamatsu/.conda/envs/r_py/lib/python3.11/site-packages/pandas/io/formats/format.py", line 1186, in to_csv
    csv_formatter.save()
  File "/home/kakamatsu/.conda/envs/r_py/lib/python3.11/site-packages/pandas/io/formats/csvs.py", line 240, in save
    with get_handle(
         ^^^^^^^^^^^
  File "/home/kakamatsu/.conda/envs/r_py/lib/python3.11/site-packages/pandas/io/common.py", line 737, in get_handle
    check_parent_directory(str(handle))
  File "/home/kakamatsu/.conda/envs/r_py/lib/python3.11/site-packages/pandas/io/common.py", line 600, in check_parent_directory
    raise OSError(rf"Cannot save file into a non-existent directory: '{parent}'")
OSError: Cannot save file into a non-existent directory: '/expanse/lustre/projects/ddp412/kakamatsu/MAGEPRO_simulations/temp_160_h0.03/PRSCSx'
Traceback (most recent call last):
  File "/expanse/lustre/projects/ddp412/kakamatsu/MAGEPRO/SIMULATIONS/Sim_Model.py", line 512, in <module>
    prscsx_weights = PRSCSx_shrinkage(executable_dir, ld_reference_dir, prscsx_working_dir, sumstats_file, "500,500" , population_sumstat, bim, 1e-7, 8)
                     ^^^^^^^^^^^^^^^^^^^^^^^^^^^^^^^^^^^^^^^^^^^^^^^^^^^^^^^^^^^^^^^^^^^^^^^^^^^^^^^^^^^^^^^^^^^^^^^^^^^^^^^^^^^^^^^^^^^^^^^^^^^^^^^^^^^
  File "/expanse/lustre/projects/ddp412/kakamatsu/MAGEPRO/SIMULATIONS/Sim_Model.py", line 373, in PRSCSx_shrinkage
    BIM.to_csv(os.path.join(working_dir, "snps.bim"), sep='\t', index=False, header=False, quoting=False)
  File "/home/kakamatsu/.conda/envs/r_py/lib/python3.11/site-packages/pandas/core/generic.py", line 3772, in to_csv
    return DataFrameRenderer(formatter).to_csv(
           ^^^^^^^^^^^^^^^^^^^^^^^^^^^^^^^^^^^^
  File "/home/kakamatsu/.conda/envs/r_py/lib/python3.11/site-packages/pandas/io/formats/format.py", line 1186, in to_csv
    csv_formatter.save()
  File "/home/kakamatsu/.conda/envs/r_py/lib/python3.11/site-packages/pandas/io/formats/csvs.py", line 240, in save
    with get_handle(
         ^^^^^^^^^^^
  File "/home/kakamatsu/.conda/envs/r_py/lib/python3.11/site-packages/pandas/io/common.py", line 737, in get_handle
    check_parent_directory(str(handle))
  File "/home/kakamatsu/.conda/envs/r_py/lib/python3.11/site-packages/pandas/io/common.py", line 600, in check_parent_directory
    raise OSError(rf"Cannot save file into a non-existent directory: '{parent}'")
OSError: Cannot save file into a non-existent directory: '/expanse/lustre/projects/ddp412/kakamatsu/MAGEPRO_simulations/temp_240_h0.03/PRSCSx'
Traceback (most recent call last):
  File "/expanse/lustre/projects/ddp412/kakamatsu/MAGEPRO/SIMULATIONS/Sim_Model.py", line 512, in <module>
    prscsx_weights = PRSCSx_shrinkage(executable_dir, ld_reference_dir, prscsx_working_dir, sumstats_file, "500,500" , population_sumstat, bim, 1e-7, 8)
                     ^^^^^^^^^^^^^^^^^^^^^^^^^^^^^^^^^^^^^^^^^^^^^^^^^^^^^^^^^^^^^^^^^^^^^^^^^^^^^^^^^^^^^^^^^^^^^^^^^^^^^^^^^^^^^^^^^^^^^^^^^^^^^^^^^^^
  File "/expanse/lustre/projects/ddp412/kakamatsu/MAGEPRO/SIMULATIONS/Sim_Model.py", line 373, in PRSCSx_shrinkage
    BIM.to_csv(os.path.join(working_dir, "snps.bim"), sep='\t', index=False, header=False, quoting=False)
  File "/home/kakamatsu/.conda/envs/r_py/lib/python3.11/site-packages/pandas/core/generic.py", line 3772, in to_csv
    return DataFrameRenderer(formatter).to_csv(
           ^^^^^^^^^^^^^^^^^^^^^^^^^^^^^^^^^^^^
  File "/home/kakamatsu/.conda/envs/r_py/lib/python3.11/site-packages/pandas/io/formats/format.py", line 1186, in to_csv
    csv_formatter.save()
  File "/home/kakamatsu/.conda/envs/r_py/lib/python3.11/site-packages/pandas/io/formats/csvs.py", line 240, in save
    with get_handle(
         ^^^^^^^^^^^
  File "/home/kakamatsu/.conda/envs/r_py/lib/python3.11/site-packages/pandas/io/common.py", line 737, in get_handle
    check_parent_directory(str(handle))
  File "/home/kakamatsu/.conda/envs/r_py/lib/python3.11/site-packages/pandas/io/common.py", line 600, in check_parent_directory
    raise OSError(rf"Cannot save file into a non-existent directory: '{parent}'")
OSError: Cannot save file into a non-existent directory: '/expanse/lustre/projects/ddp412/kakamatsu/MAGEPRO_simulations/temp_400_h0.03/PRSCSx'
Traceback (most recent call last):
  File "/expanse/lustre/projects/ddp412/kakamatsu/MAGEPRO/SIMULATIONS/Sim_Model.py", line 512, in <module>
    prscsx_weights = PRSCSx_shrinkage(executable_dir, ld_reference_dir, prscsx_working_dir, sumstats_file, "500,500" , population_sumstat, bim, 1e-7, 8)
                     ^^^^^^^^^^^^^^^^^^^^^^^^^^^^^^^^^^^^^^^^^^^^^^^^^^^^^^^^^^^^^^^^^^^^^^^^^^^^^^^^^^^^^^^^^^^^^^^^^^^^^^^^^^^^^^^^^^^^^^^^^^^^^^^^^^^
  File "/expanse/lustre/projects/ddp412/kakamatsu/MAGEPRO/SIMULATIONS/Sim_Model.py", line 373, in PRSCSx_shrinkage
    BIM.to_csv(os.path.join(working_dir, "snps.bim"), sep='\t', index=False, header=False, quoting=False)
  File "/home/kakamatsu/.conda/envs/r_py/lib/python3.11/site-packages/pandas/core/generic.py", line 3772, in to_csv
    return DataFrameRenderer(formatter).to_csv(
           ^^^^^^^^^^^^^^^^^^^^^^^^^^^^^^^^^^^^
  File "/home/kakamatsu/.conda/envs/r_py/lib/python3.11/site-packages/pandas/io/formats/format.py", line 1186, in to_csv
    csv_formatter.save()
  File "/home/kakamatsu/.conda/envs/r_py/lib/python3.11/site-packages/pandas/io/formats/csvs.py", line 240, in save
    with get_handle(
         ^^^^^^^^^^^
  File "/home/kakamatsu/.conda/envs/r_py/lib/python3.11/site-packages/pandas/io/common.py", line 737, in get_handle
    check_parent_directory(str(handle))
  File "/home/kakamatsu/.conda/envs/r_py/lib/python3.11/site-packages/pandas/io/common.py", line 600, in check_parent_directory
    raise OSError(rf"Cannot save file into a non-existent directory: '{parent}'")
OSError: Cannot save file into a non-existent directory: '/expanse/lustre/projects/ddp412/kakamatsu/MAGEPRO_simulations/temp_500_h0.03/PRSCSx'
/home/kakamatsu/.conda/envs/r_py/lib/python3.11/site-packages/sklearn/linear_model/_coordinate_descent.py:628: ConvergenceWarning: Objective did not converge. You might want to increase the number of iterations, check the scale of the features or consider increasing regularisation. Duality gap: 1.010e-02, tolerance: 6.400e-03
  model = cd_fast.enet_coordinate_descent(
Traceback (most recent call last):
  File "/expanse/lustre/projects/ddp412/kakamatsu/MAGEPRO/SIMULATIONS/Sim_Model.py", line 512, in <module>
    prscsx_weights = PRSCSx_shrinkage(executable_dir, ld_reference_dir, prscsx_working_dir, sumstats_file, "500,500" , population_sumstat, bim, 1e-7, 8)
                     ^^^^^^^^^^^^^^^^^^^^^^^^^^^^^^^^^^^^^^^^^^^^^^^^^^^^^^^^^^^^^^^^^^^^^^^^^^^^^^^^^^^^^^^^^^^^^^^^^^^^^^^^^^^^^^^^^^^^^^^^^^^^^^^^^^^
  File "/expanse/lustre/projects/ddp412/kakamatsu/MAGEPRO/SIMULATIONS/Sim_Model.py", line 373, in PRSCSx_shrinkage
    BIM.to_csv(os.path.join(working_dir, "snps.bim"), sep='\t', index=False, header=False, quoting=False)
  File "/home/kakamatsu/.conda/envs/r_py/lib/python3.11/site-packages/pandas/core/generic.py", line 3772, in to_csv
    return DataFrameRenderer(formatter).to_csv(
           ^^^^^^^^^^^^^^^^^^^^^^^^^^^^^^^^^^^^
  File "/home/kakamatsu/.conda/envs/r_py/lib/python3.11/site-packages/pandas/io/formats/format.py", line 1186, in to_csv
    csv_formatter.save()
  File "/home/kakamatsu/.conda/envs/r_py/lib/python3.11/site-packages/pandas/io/formats/csvs.py", line 240, in save
    with get_handle(
         ^^^^^^^^^^^
  File "/home/kakamatsu/.conda/envs/r_py/lib/python3.11/site-packages/pandas/io/common.py", line 737, in get_handle
    check_parent_directory(str(handle))
  File "/home/kakamatsu/.conda/envs/r_py/lib/python3.11/site-packages/pandas/io/common.py", line 600, in check_parent_directory
    raise OSError(rf"Cannot save file into a non-existent directory: '{parent}'")
OSError: Cannot save file into a non-existent directory: '/expanse/lustre/projects/ddp412/kakamatsu/MAGEPRO_simulations/temp_80_h0.03/PRSCSx'
Traceback (most recent call last):
  File "/expanse/lustre/projects/ddp412/kakamatsu/MAGEPRO/SIMULATIONS/Sim_Model.py", line 512, in <module>
    prscsx_weights = PRSCSx_shrinkage(executable_dir, ld_reference_dir, prscsx_working_dir, sumstats_file, "500,500" , population_sumstat, bim, 1e-7, 8)
                     ^^^^^^^^^^^^^^^^^^^^^^^^^^^^^^^^^^^^^^^^^^^^^^^^^^^^^^^^^^^^^^^^^^^^^^^^^^^^^^^^^^^^^^^^^^^^^^^^^^^^^^^^^^^^^^^^^^^^^^^^^^^^^^^^^^^
  File "/expanse/lustre/projects/ddp412/kakamatsu/MAGEPRO/SIMULATIONS/Sim_Model.py", line 373, in PRSCSx_shrinkage
    BIM.to_csv(os.path.join(working_dir, "snps.bim"), sep='\t', index=False, header=False, quoting=False)
  File "/home/kakamatsu/.conda/envs/r_py/lib/python3.11/site-packages/pandas/core/generic.py", line 3772, in to_csv
    return DataFrameRenderer(formatter).to_csv(
           ^^^^^^^^^^^^^^^^^^^^^^^^^^^^^^^^^^^^
  File "/home/kakamatsu/.conda/envs/r_py/lib/python3.11/site-packages/pandas/io/formats/format.py", line 1186, in to_csv
    csv_formatter.save()
  File "/home/kakamatsu/.conda/envs/r_py/lib/python3.11/site-packages/pandas/io/formats/csvs.py", line 240, in save
    with get_handle(
         ^^^^^^^^^^^
  File "/home/kakamatsu/.conda/envs/r_py/lib/python3.11/site-packages/pandas/io/common.py", line 737, in get_handle
    check_parent_directory(str(handle))
  File "/home/kakamatsu/.conda/envs/r_py/lib/python3.11/site-packages/pandas/io/common.py", line 600, in check_parent_directory
    raise OSError(rf"Cannot save file into a non-existent directory: '{parent}'")
OSError: Cannot save file into a non-existent directory: '/expanse/lustre/projects/ddp412/kakamatsu/MAGEPRO_simulations/temp_160_h0.03/PRSCSx'
Traceback (most recent call last):
  File "/expanse/lustre/projects/ddp412/kakamatsu/MAGEPRO/SIMULATIONS/Sim_Model.py", line 512, in <module>
    prscsx_weights = PRSCSx_shrinkage(executable_dir, ld_reference_dir, prscsx_working_dir, sumstats_file, "500,500" , population_sumstat, bim, 1e-7, 8)
                     ^^^^^^^^^^^^^^^^^^^^^^^^^^^^^^^^^^^^^^^^^^^^^^^^^^^^^^^^^^^^^^^^^^^^^^^^^^^^^^^^^^^^^^^^^^^^^^^^^^^^^^^^^^^^^^^^^^^^^^^^^^^^^^^^^^^
  File "/expanse/lustre/projects/ddp412/kakamatsu/MAGEPRO/SIMULATIONS/Sim_Model.py", line 373, in PRSCSx_shrinkage
    BIM.to_csv(os.path.join(working_dir, "snps.bim"), sep='\t', index=False, header=False, quoting=False)
  File "/home/kakamatsu/.conda/envs/r_py/lib/python3.11/site-packages/pandas/core/generic.py", line 3772, in to_csv
    return DataFrameRenderer(formatter).to_csv(
           ^^^^^^^^^^^^^^^^^^^^^^^^^^^^^^^^^^^^
  File "/home/kakamatsu/.conda/envs/r_py/lib/python3.11/site-packages/pandas/io/formats/format.py", line 1186, in to_csv
    csv_formatter.save()
  File "/home/kakamatsu/.conda/envs/r_py/lib/python3.11/site-packages/pandas/io/formats/csvs.py", line 240, in save
    with get_handle(
         ^^^^^^^^^^^
  File "/home/kakamatsu/.conda/envs/r_py/lib/python3.11/site-packages/pandas/io/common.py", line 737, in get_handle
    check_parent_directory(str(handle))
  File "/home/kakamatsu/.conda/envs/r_py/lib/python3.11/site-packages/pandas/io/common.py", line 600, in check_parent_directory
    raise OSError(rf"Cannot save file into a non-existent directory: '{parent}'")
OSError: Cannot save file into a non-existent directory: '/expanse/lustre/projects/ddp412/kakamatsu/MAGEPRO_simulations/temp_240_h0.03/PRSCSx'
Traceback (most recent call last):
  File "/expanse/lustre/projects/ddp412/kakamatsu/MAGEPRO/SIMULATIONS/Sim_Model.py", line 512, in <module>
    prscsx_weights = PRSCSx_shrinkage(executable_dir, ld_reference_dir, prscsx_working_dir, sumstats_file, "500,500" , population_sumstat, bim, 1e-7, 8)
                     ^^^^^^^^^^^^^^^^^^^^^^^^^^^^^^^^^^^^^^^^^^^^^^^^^^^^^^^^^^^^^^^^^^^^^^^^^^^^^^^^^^^^^^^^^^^^^^^^^^^^^^^^^^^^^^^^^^^^^^^^^^^^^^^^^^^
  File "/expanse/lustre/projects/ddp412/kakamatsu/MAGEPRO/SIMULATIONS/Sim_Model.py", line 373, in PRSCSx_shrinkage
    BIM.to_csv(os.path.join(working_dir, "snps.bim"), sep='\t', index=False, header=False, quoting=False)
  File "/home/kakamatsu/.conda/envs/r_py/lib/python3.11/site-packages/pandas/core/generic.py", line 3772, in to_csv
    return DataFrameRenderer(formatter).to_csv(
           ^^^^^^^^^^^^^^^^^^^^^^^^^^^^^^^^^^^^
  File "/home/kakamatsu/.conda/envs/r_py/lib/python3.11/site-packages/pandas/io/formats/format.py", line 1186, in to_csv
    csv_formatter.save()
  File "/home/kakamatsu/.conda/envs/r_py/lib/python3.11/site-packages/pandas/io/formats/csvs.py", line 240, in save
    with get_handle(
         ^^^^^^^^^^^
  File "/home/kakamatsu/.conda/envs/r_py/lib/python3.11/site-packages/pandas/io/common.py", line 737, in get_handle
    check_parent_directory(str(handle))
  File "/home/kakamatsu/.conda/envs/r_py/lib/python3.11/site-packages/pandas/io/common.py", line 600, in check_parent_directory
    raise OSError(rf"Cannot save file into a non-existent directory: '{parent}'")
OSError: Cannot save file into a non-existent directory: '/expanse/lustre/projects/ddp412/kakamatsu/MAGEPRO_simulations/temp_400_h0.03/PRSCSx'
Traceback (most recent call last):
  File "/expanse/lustre/projects/ddp412/kakamatsu/MAGEPRO/SIMULATIONS/Sim_Model.py", line 512, in <module>
    prscsx_weights = PRSCSx_shrinkage(executable_dir, ld_reference_dir, prscsx_working_dir, sumstats_file, "500,500" , population_sumstat, bim, 1e-7, 8)
                     ^^^^^^^^^^^^^^^^^^^^^^^^^^^^^^^^^^^^^^^^^^^^^^^^^^^^^^^^^^^^^^^^^^^^^^^^^^^^^^^^^^^^^^^^^^^^^^^^^^^^^^^^^^^^^^^^^^^^^^^^^^^^^^^^^^^
  File "/expanse/lustre/projects/ddp412/kakamatsu/MAGEPRO/SIMULATIONS/Sim_Model.py", line 373, in PRSCSx_shrinkage
    BIM.to_csv(os.path.join(working_dir, "snps.bim"), sep='\t', index=False, header=False, quoting=False)
  File "/home/kakamatsu/.conda/envs/r_py/lib/python3.11/site-packages/pandas/core/generic.py", line 3772, in to_csv
    return DataFrameRenderer(formatter).to_csv(
           ^^^^^^^^^^^^^^^^^^^^^^^^^^^^^^^^^^^^
  File "/home/kakamatsu/.conda/envs/r_py/lib/python3.11/site-packages/pandas/io/formats/format.py", line 1186, in to_csv
    csv_formatter.save()
  File "/home/kakamatsu/.conda/envs/r_py/lib/python3.11/site-packages/pandas/io/formats/csvs.py", line 240, in save
    with get_handle(
         ^^^^^^^^^^^
  File "/home/kakamatsu/.conda/envs/r_py/lib/python3.11/site-packages/pandas/io/common.py", line 737, in get_handle
    check_parent_directory(str(handle))
  File "/home/kakamatsu/.conda/envs/r_py/lib/python3.11/site-packages/pandas/io/common.py", line 600, in check_parent_directory
    raise OSError(rf"Cannot save file into a non-existent directory: '{parent}'")
OSError: Cannot save file into a non-existent directory: '/expanse/lustre/projects/ddp412/kakamatsu/MAGEPRO_simulations/temp_500_h0.03/PRSCSx'
/home/kakamatsu/.conda/envs/r_py/lib/python3.11/site-packages/sklearn/linear_model/_coordinate_descent.py:628: ConvergenceWarning: Objective did not converge. You might want to increase the number of iterations, check the scale of the features or consider increasing regularisation. Duality gap: 1.052e-02, tolerance: 6.400e-03
  model = cd_fast.enet_coordinate_descent(
/home/kakamatsu/.conda/envs/r_py/lib/python3.11/site-packages/sklearn/linear_model/_coordinate_descent.py:628: ConvergenceWarning: Objective did not converge. You might want to increase the number of iterations, check the scale of the features or consider increasing regularisation. Duality gap: 9.976e-03, tolerance: 6.400e-03
  model = cd_fast.enet_coordinate_descent(
Traceback (most recent call last):
  File "/expanse/lustre/projects/ddp412/kakamatsu/MAGEPRO/SIMULATIONS/Sim_Model.py", line 512, in <module>
    prscsx_weights = PRSCSx_shrinkage(executable_dir, ld_reference_dir, prscsx_working_dir, sumstats_file, "500,500" , population_sumstat, bim, 1e-7, 8)
                     ^^^^^^^^^^^^^^^^^^^^^^^^^^^^^^^^^^^^^^^^^^^^^^^^^^^^^^^^^^^^^^^^^^^^^^^^^^^^^^^^^^^^^^^^^^^^^^^^^^^^^^^^^^^^^^^^^^^^^^^^^^^^^^^^^^^
  File "/expanse/lustre/projects/ddp412/kakamatsu/MAGEPRO/SIMULATIONS/Sim_Model.py", line 373, in PRSCSx_shrinkage
    BIM.to_csv(os.path.join(working_dir, "snps.bim"), sep='\t', index=False, header=False, quoting=False)
  File "/home/kakamatsu/.conda/envs/r_py/lib/python3.11/site-packages/pandas/core/generic.py", line 3772, in to_csv
    return DataFrameRenderer(formatter).to_csv(
           ^^^^^^^^^^^^^^^^^^^^^^^^^^^^^^^^^^^^
  File "/home/kakamatsu/.conda/envs/r_py/lib/python3.11/site-packages/pandas/io/formats/format.py", line 1186, in to_csv
    csv_formatter.save()
  File "/home/kakamatsu/.conda/envs/r_py/lib/python3.11/site-packages/pandas/io/formats/csvs.py", line 240, in save
    with get_handle(
         ^^^^^^^^^^^
  File "/home/kakamatsu/.conda/envs/r_py/lib/python3.11/site-packages/pandas/io/common.py", line 737, in get_handle
    check_parent_directory(str(handle))
  File "/home/kakamatsu/.conda/envs/r_py/lib/python3.11/site-packages/pandas/io/common.py", line 600, in check_parent_directory
    raise OSError(rf"Cannot save file into a non-existent directory: '{parent}'")
OSError: Cannot save file into a non-existent directory: '/expanse/lustre/projects/ddp412/kakamatsu/MAGEPRO_simulations/temp_80_h0.03/PRSCSx'
/home/kakamatsu/.conda/envs/r_py/lib/python3.11/site-packages/sklearn/linear_model/_coordinate_descent.py:628: ConvergenceWarning: Objective did not converge. You might want to increase the number of iterations, check the scale of the features or consider increasing regularisation. Duality gap: 1.472e-02, tolerance: 1.280e-02
  model = cd_fast.enet_coordinate_descent(
Traceback (most recent call last):
  File "/expanse/lustre/projects/ddp412/kakamatsu/MAGEPRO/SIMULATIONS/Sim_Model.py", line 512, in <module>
    prscsx_weights = PRSCSx_shrinkage(executable_dir, ld_reference_dir, prscsx_working_dir, sumstats_file, "500,500" , population_sumstat, bim, 1e-7, 8)
                     ^^^^^^^^^^^^^^^^^^^^^^^^^^^^^^^^^^^^^^^^^^^^^^^^^^^^^^^^^^^^^^^^^^^^^^^^^^^^^^^^^^^^^^^^^^^^^^^^^^^^^^^^^^^^^^^^^^^^^^^^^^^^^^^^^^^
  File "/expanse/lustre/projects/ddp412/kakamatsu/MAGEPRO/SIMULATIONS/Sim_Model.py", line 373, in PRSCSx_shrinkage
    BIM.to_csv(os.path.join(working_dir, "snps.bim"), sep='\t', index=False, header=False, quoting=False)
  File "/home/kakamatsu/.conda/envs/r_py/lib/python3.11/site-packages/pandas/core/generic.py", line 3772, in to_csv
    return DataFrameRenderer(formatter).to_csv(
           ^^^^^^^^^^^^^^^^^^^^^^^^^^^^^^^^^^^^
  File "/home/kakamatsu/.conda/envs/r_py/lib/python3.11/site-packages/pandas/io/formats/format.py", line 1186, in to_csv
    csv_formatter.save()
  File "/home/kakamatsu/.conda/envs/r_py/lib/python3.11/site-packages/pandas/io/formats/csvs.py", line 240, in save
    with get_handle(
         ^^^^^^^^^^^
  File "/home/kakamatsu/.conda/envs/r_py/lib/python3.11/site-packages/pandas/io/common.py", line 737, in get_handle
    check_parent_directory(str(handle))
  File "/home/kakamatsu/.conda/envs/r_py/lib/python3.11/site-packages/pandas/io/common.py", line 600, in check_parent_directory
    raise OSError(rf"Cannot save file into a non-existent directory: '{parent}'")
OSError: Cannot save file into a non-existent directory: '/expanse/lustre/projects/ddp412/kakamatsu/MAGEPRO_simulations/temp_160_h0.03/PRSCSx'
Traceback (most recent call last):
  File "/expanse/lustre/projects/ddp412/kakamatsu/MAGEPRO/SIMULATIONS/Sim_Model.py", line 512, in <module>
    prscsx_weights = PRSCSx_shrinkage(executable_dir, ld_reference_dir, prscsx_working_dir, sumstats_file, "500,500" , population_sumstat, bim, 1e-7, 8)
                     ^^^^^^^^^^^^^^^^^^^^^^^^^^^^^^^^^^^^^^^^^^^^^^^^^^^^^^^^^^^^^^^^^^^^^^^^^^^^^^^^^^^^^^^^^^^^^^^^^^^^^^^^^^^^^^^^^^^^^^^^^^^^^^^^^^^
  File "/expanse/lustre/projects/ddp412/kakamatsu/MAGEPRO/SIMULATIONS/Sim_Model.py", line 373, in PRSCSx_shrinkage
    BIM.to_csv(os.path.join(working_dir, "snps.bim"), sep='\t', index=False, header=False, quoting=False)
  File "/home/kakamatsu/.conda/envs/r_py/lib/python3.11/site-packages/pandas/core/generic.py", line 3772, in to_csv
    return DataFrameRenderer(formatter).to_csv(
           ^^^^^^^^^^^^^^^^^^^^^^^^^^^^^^^^^^^^
  File "/home/kakamatsu/.conda/envs/r_py/lib/python3.11/site-packages/pandas/io/formats/format.py", line 1186, in to_csv
    csv_formatter.save()
  File "/home/kakamatsu/.conda/envs/r_py/lib/python3.11/site-packages/pandas/io/formats/csvs.py", line 240, in save
    with get_handle(
         ^^^^^^^^^^^
  File "/home/kakamatsu/.conda/envs/r_py/lib/python3.11/site-packages/pandas/io/common.py", line 737, in get_handle
    check_parent_directory(str(handle))
  File "/home/kakamatsu/.conda/envs/r_py/lib/python3.11/site-packages/pandas/io/common.py", line 600, in check_parent_directory
    raise OSError(rf"Cannot save file into a non-existent directory: '{parent}'")
OSError: Cannot save file into a non-existent directory: '/expanse/lustre/projects/ddp412/kakamatsu/MAGEPRO_simulations/temp_240_h0.03/PRSCSx'
Traceback (most recent call last):
  File "/expanse/lustre/projects/ddp412/kakamatsu/MAGEPRO/SIMULATIONS/Sim_Model.py", line 512, in <module>
    prscsx_weights = PRSCSx_shrinkage(executable_dir, ld_reference_dir, prscsx_working_dir, sumstats_file, "500,500" , population_sumstat, bim, 1e-7, 8)
                     ^^^^^^^^^^^^^^^^^^^^^^^^^^^^^^^^^^^^^^^^^^^^^^^^^^^^^^^^^^^^^^^^^^^^^^^^^^^^^^^^^^^^^^^^^^^^^^^^^^^^^^^^^^^^^^^^^^^^^^^^^^^^^^^^^^^
  File "/expanse/lustre/projects/ddp412/kakamatsu/MAGEPRO/SIMULATIONS/Sim_Model.py", line 373, in PRSCSx_shrinkage
    BIM.to_csv(os.path.join(working_dir, "snps.bim"), sep='\t', index=False, header=False, quoting=False)
  File "/home/kakamatsu/.conda/envs/r_py/lib/python3.11/site-packages/pandas/core/generic.py", line 3772, in to_csv
    return DataFrameRenderer(formatter).to_csv(
           ^^^^^^^^^^^^^^^^^^^^^^^^^^^^^^^^^^^^
  File "/home/kakamatsu/.conda/envs/r_py/lib/python3.11/site-packages/pandas/io/formats/format.py", line 1186, in to_csv
    csv_formatter.save()
  File "/home/kakamatsu/.conda/envs/r_py/lib/python3.11/site-packages/pandas/io/formats/csvs.py", line 240, in save
    with get_handle(
         ^^^^^^^^^^^
  File "/home/kakamatsu/.conda/envs/r_py/lib/python3.11/site-packages/pandas/io/common.py", line 737, in get_handle
    check_parent_directory(str(handle))
  File "/home/kakamatsu/.conda/envs/r_py/lib/python3.11/site-packages/pandas/io/common.py", line 600, in check_parent_directory
    raise OSError(rf"Cannot save file into a non-existent directory: '{parent}'")
OSError: Cannot save file into a non-existent directory: '/expanse/lustre/projects/ddp412/kakamatsu/MAGEPRO_simulations/temp_400_h0.03/PRSCSx'
