slurmstepd: error: Unable to create TMPDIR [/scratch/kakamatsu/job_32211435]: Permission denied
slurmstepd: error: Setting TMPDIR to /tmp
/home/kakamatsu/.conda/envs/r_py/lib/python3.11/site-packages/sklearn/linear_model/_coordinate_descent.py:628: ConvergenceWarning: Objective did not converge. You might want to increase the number of iterations, check the scale of the features or consider increasing regularisation. Duality gap: 3.809e-01, tolerance: 4.000e-02
  model = cd_fast.enet_coordinate_descent(
/home/kakamatsu/.conda/envs/r_py/lib/python3.11/site-packages/sklearn/linear_model/_coordinate_descent.py:628: ConvergenceWarning: Objective did not converge. You might want to increase the number of iterations, check the scale of the features or consider increasing regularisation. Duality gap: 2.423e-01, tolerance: 4.000e-02
  model = cd_fast.enet_coordinate_descent(
/home/kakamatsu/.conda/envs/r_py/lib/python3.11/site-packages/sklearn/linear_model/_coordinate_descent.py:628: ConvergenceWarning: Objective did not converge. You might want to increase the number of iterations, check the scale of the features or consider increasing regularisation. Duality gap: 2.097e-01, tolerance: 4.000e-02
  model = cd_fast.enet_coordinate_descent(
/home/kakamatsu/.conda/envs/r_py/lib/python3.11/site-packages/sklearn/linear_model/_coordinate_descent.py:628: ConvergenceWarning: Objective did not converge. You might want to increase the number of iterations, check the scale of the features or consider increasing regularisation. Duality gap: 5.898e-01, tolerance: 4.000e-02
  model = cd_fast.enet_coordinate_descent(
/home/kakamatsu/.conda/envs/r_py/lib/python3.11/site-packages/sklearn/linear_model/_coordinate_descent.py:628: ConvergenceWarning: Objective did not converge. You might want to increase the number of iterations, check the scale of the features or consider increasing regularisation. Duality gap: 3.171e-01, tolerance: 4.000e-02
  model = cd_fast.enet_coordinate_descent(
/home/kakamatsu/.conda/envs/r_py/lib/python3.11/site-packages/sklearn/linear_model/_coordinate_descent.py:628: ConvergenceWarning: Objective did not converge. You might want to increase the number of iterations, check the scale of the features or consider increasing regularisation. Duality gap: 9.968e-02, tolerance: 4.000e-02
  model = cd_fast.enet_coordinate_descent(
/home/kakamatsu/.conda/envs/r_py/lib/python3.11/site-packages/sklearn/linear_model/_coordinate_descent.py:628: ConvergenceWarning: Objective did not converge. You might want to increase the number of iterations, check the scale of the features or consider increasing regularisation. Duality gap: 7.673e-02, tolerance: 4.000e-02
  model = cd_fast.enet_coordinate_descent(
/home/kakamatsu/.conda/envs/r_py/lib/python3.11/site-packages/sklearn/linear_model/_coordinate_descent.py:628: ConvergenceWarning: Objective did not converge. You might want to increase the number of iterations, check the scale of the features or consider increasing regularisation. Duality gap: 1.830e-01, tolerance: 4.000e-02
  model = cd_fast.enet_coordinate_descent(
/home/kakamatsu/.conda/envs/r_py/lib/python3.11/site-packages/sklearn/linear_model/_coordinate_descent.py:628: ConvergenceWarning: Objective did not converge. You might want to increase the number of iterations, check the scale of the features or consider increasing regularisation. Duality gap: 9.733e-02, tolerance: 4.000e-02
  model = cd_fast.enet_coordinate_descent(
/home/kakamatsu/.conda/envs/r_py/lib/python3.11/site-packages/sklearn/linear_model/_coordinate_descent.py:628: ConvergenceWarning: Objective did not converge. You might want to increase the number of iterations, check the scale of the features or consider increasing regularisation. Duality gap: 2.685e-01, tolerance: 4.000e-02
  model = cd_fast.enet_coordinate_descent(
/home/kakamatsu/.conda/envs/r_py/lib/python3.11/site-packages/sklearn/linear_model/_coordinate_descent.py:628: ConvergenceWarning: Objective did not converge. You might want to increase the number of iterations, check the scale of the features or consider increasing regularisation. Duality gap: 5.402e-01, tolerance: 4.000e-02
  model = cd_fast.enet_coordinate_descent(
/home/kakamatsu/.conda/envs/r_py/lib/python3.11/site-packages/sklearn/linear_model/_coordinate_descent.py:628: ConvergenceWarning: Objective did not converge. You might want to increase the number of iterations, check the scale of the features or consider increasing regularisation. Duality gap: 6.015e-01, tolerance: 4.000e-02
  model = cd_fast.enet_coordinate_descent(
/home/kakamatsu/.conda/envs/r_py/lib/python3.11/site-packages/sklearn/linear_model/_coordinate_descent.py:628: ConvergenceWarning: Objective did not converge. You might want to increase the number of iterations, check the scale of the features or consider increasing regularisation. Duality gap: 2.345e-01, tolerance: 4.000e-02
  model = cd_fast.enet_coordinate_descent(
/home/kakamatsu/.conda/envs/r_py/lib/python3.11/site-packages/sklearn/linear_model/_coordinate_descent.py:628: ConvergenceWarning: Objective did not converge. You might want to increase the number of iterations, check the scale of the features or consider increasing regularisation. Duality gap: 1.215e+00, tolerance: 4.000e-02
  model = cd_fast.enet_coordinate_descent(
/home/kakamatsu/.conda/envs/r_py/lib/python3.11/site-packages/sklearn/linear_model/_coordinate_descent.py:628: ConvergenceWarning: Objective did not converge. You might want to increase the number of iterations, check the scale of the features or consider increasing regularisation. Duality gap: 1.026e-01, tolerance: 4.000e-02
  model = cd_fast.enet_coordinate_descent(
/home/kakamatsu/.conda/envs/r_py/lib/python3.11/site-packages/sklearn/linear_model/_coordinate_descent.py:628: ConvergenceWarning: Objective did not converge. You might want to increase the number of iterations, check the scale of the features or consider increasing regularisation. Duality gap: 9.233e-02, tolerance: 4.000e-02
  model = cd_fast.enet_coordinate_descent(
/home/kakamatsu/.conda/envs/r_py/lib/python3.11/site-packages/sklearn/linear_model/_coordinate_descent.py:628: ConvergenceWarning: Objective did not converge. You might want to increase the number of iterations, check the scale of the features or consider increasing regularisation. Duality gap: 1.911e-01, tolerance: 4.000e-02
  model = cd_fast.enet_coordinate_descent(
/home/kakamatsu/.conda/envs/r_py/lib/python3.11/site-packages/sklearn/linear_model/_coordinate_descent.py:628: ConvergenceWarning: Objective did not converge. You might want to increase the number of iterations, check the scale of the features or consider increasing regularisation. Duality gap: 1.968e-01, tolerance: 4.000e-02
  model = cd_fast.enet_coordinate_descent(
/home/kakamatsu/.conda/envs/r_py/lib/python3.11/site-packages/sklearn/linear_model/_coordinate_descent.py:628: ConvergenceWarning: Objective did not converge. You might want to increase the number of iterations, check the scale of the features or consider increasing regularisation. Duality gap: 7.417e-02, tolerance: 4.000e-02
  model = cd_fast.enet_coordinate_descent(
/home/kakamatsu/.conda/envs/r_py/lib/python3.11/site-packages/sklearn/linear_model/_coordinate_descent.py:628: ConvergenceWarning: Objective did not converge. You might want to increase the number of iterations, check the scale of the features or consider increasing regularisation. Duality gap: 4.512e-02, tolerance: 4.000e-02
  model = cd_fast.enet_coordinate_descent(
/home/kakamatsu/.conda/envs/r_py/lib/python3.11/site-packages/sklearn/linear_model/_coordinate_descent.py:628: ConvergenceWarning: Objective did not converge. You might want to increase the number of iterations, check the scale of the features or consider increasing regularisation. Duality gap: 7.723e-03, tolerance: 6.400e-03
  model = cd_fast.enet_coordinate_descent(
/home/kakamatsu/.conda/envs/r_py/lib/python3.11/site-packages/sklearn/linear_model/_coordinate_descent.py:628: ConvergenceWarning: Objective did not converge. You might want to increase the number of iterations, check the scale of the features or consider increasing regularisation. Duality gap: 2.494e-02, tolerance: 6.400e-03
  model = cd_fast.enet_coordinate_descent(
/home/kakamatsu/.conda/envs/r_py/lib/python3.11/site-packages/sklearn/linear_model/_coordinate_descent.py:628: ConvergenceWarning: Objective did not converge. You might want to increase the number of iterations, check the scale of the features or consider increasing regularisation. Duality gap: 1.456e-02, tolerance: 6.400e-03
  model = cd_fast.enet_coordinate_descent(
/home/kakamatsu/.conda/envs/r_py/lib/python3.11/site-packages/sklearn/linear_model/_coordinate_descent.py:628: ConvergenceWarning: Objective did not converge. You might want to increase the number of iterations, check the scale of the features or consider increasing regularisation. Duality gap: 1.068e-02, tolerance: 6.400e-03
  model = cd_fast.enet_coordinate_descent(
/home/kakamatsu/.conda/envs/r_py/lib/python3.11/site-packages/sklearn/linear_model/_coordinate_descent.py:628: ConvergenceWarning: Objective did not converge. You might want to increase the number of iterations, check the scale of the features or consider increasing regularisation. Duality gap: 4.936e-01, tolerance: 4.000e-02
  model = cd_fast.enet_coordinate_descent(
/home/kakamatsu/.conda/envs/r_py/lib/python3.11/site-packages/sklearn/linear_model/_coordinate_descent.py:628: ConvergenceWarning: Objective did not converge. You might want to increase the number of iterations, check the scale of the features or consider increasing regularisation. Duality gap: 5.227e-02, tolerance: 4.000e-02
  model = cd_fast.enet_coordinate_descent(
/home/kakamatsu/.conda/envs/r_py/lib/python3.11/site-packages/sklearn/linear_model/_coordinate_descent.py:628: ConvergenceWarning: Objective did not converge. You might want to increase the number of iterations, check the scale of the features or consider increasing regularisation. Duality gap: 2.276e-01, tolerance: 4.000e-02
  model = cd_fast.enet_coordinate_descent(
/home/kakamatsu/.conda/envs/r_py/lib/python3.11/site-packages/sklearn/linear_model/_coordinate_descent.py:628: ConvergenceWarning: Objective did not converge. You might want to increase the number of iterations, check the scale of the features or consider increasing regularisation. Duality gap: 2.581e-01, tolerance: 4.000e-02
  model = cd_fast.enet_coordinate_descent(
/home/kakamatsu/.conda/envs/r_py/lib/python3.11/site-packages/sklearn/linear_model/_coordinate_descent.py:628: ConvergenceWarning: Objective did not converge. You might want to increase the number of iterations, check the scale of the features or consider increasing regularisation. Duality gap: 2.446e-01, tolerance: 4.000e-02
  model = cd_fast.enet_coordinate_descent(
/home/kakamatsu/.conda/envs/r_py/lib/python3.11/site-packages/sklearn/linear_model/_coordinate_descent.py:628: ConvergenceWarning: Objective did not converge. You might want to increase the number of iterations, check the scale of the features or consider increasing regularisation. Duality gap: 8.446e-01, tolerance: 4.000e-02
  model = cd_fast.enet_coordinate_descent(
/home/kakamatsu/.conda/envs/r_py/lib/python3.11/site-packages/sklearn/linear_model/_coordinate_descent.py:628: ConvergenceWarning: Objective did not converge. You might want to increase the number of iterations, check the scale of the features or consider increasing regularisation. Duality gap: 3.301e-01, tolerance: 4.000e-02
  model = cd_fast.enet_coordinate_descent(
/home/kakamatsu/.conda/envs/r_py/lib/python3.11/site-packages/sklearn/linear_model/_coordinate_descent.py:628: ConvergenceWarning: Objective did not converge. You might want to increase the number of iterations, check the scale of the features or consider increasing regularisation. Duality gap: 4.483e-01, tolerance: 4.000e-02
  model = cd_fast.enet_coordinate_descent(
/home/kakamatsu/.conda/envs/r_py/lib/python3.11/site-packages/sklearn/linear_model/_coordinate_descent.py:628: ConvergenceWarning: Objective did not converge. You might want to increase the number of iterations, check the scale of the features or consider increasing regularisation. Duality gap: 1.039e+00, tolerance: 4.000e-02
  model = cd_fast.enet_coordinate_descent(
/home/kakamatsu/.conda/envs/r_py/lib/python3.11/site-packages/sklearn/linear_model/_coordinate_descent.py:628: ConvergenceWarning: Objective did not converge. You might want to increase the number of iterations, check the scale of the features or consider increasing regularisation. Duality gap: 8.681e-01, tolerance: 4.000e-02
  model = cd_fast.enet_coordinate_descent(
/home/kakamatsu/.conda/envs/r_py/lib/python3.11/site-packages/sklearn/linear_model/_coordinate_descent.py:628: ConvergenceWarning: Objective did not converge. You might want to increase the number of iterations, check the scale of the features or consider increasing regularisation. Duality gap: 1.025e-01, tolerance: 4.000e-02
  model = cd_fast.enet_coordinate_descent(
/home/kakamatsu/.conda/envs/r_py/lib/python3.11/site-packages/sklearn/linear_model/_coordinate_descent.py:628: ConvergenceWarning: Objective did not converge. You might want to increase the number of iterations, check the scale of the features or consider increasing regularisation. Duality gap: 5.299e-02, tolerance: 4.000e-02
  model = cd_fast.enet_coordinate_descent(
/home/kakamatsu/.conda/envs/r_py/lib/python3.11/site-packages/sklearn/linear_model/_coordinate_descent.py:628: ConvergenceWarning: Objective did not converge. You might want to increase the number of iterations, check the scale of the features or consider increasing regularisation. Duality gap: 1.976e-01, tolerance: 4.000e-02
  model = cd_fast.enet_coordinate_descent(
/home/kakamatsu/.conda/envs/r_py/lib/python3.11/site-packages/sklearn/linear_model/_coordinate_descent.py:628: ConvergenceWarning: Objective did not converge. You might want to increase the number of iterations, check the scale of the features or consider increasing regularisation. Duality gap: 1.085e-01, tolerance: 4.000e-02
  model = cd_fast.enet_coordinate_descent(
/home/kakamatsu/.conda/envs/r_py/lib/python3.11/site-packages/sklearn/linear_model/_coordinate_descent.py:628: ConvergenceWarning: Objective did not converge. You might want to increase the number of iterations, check the scale of the features or consider increasing regularisation. Duality gap: 9.845e-02, tolerance: 1.280e-02
  model = cd_fast.enet_coordinate_descent(
/home/kakamatsu/.conda/envs/r_py/lib/python3.11/site-packages/sklearn/linear_model/_coordinate_descent.py:628: ConvergenceWarning: Objective did not converge. You might want to increase the number of iterations, check the scale of the features or consider increasing regularisation. Duality gap: 2.208e-01, tolerance: 1.280e-02
  model = cd_fast.enet_coordinate_descent(
/home/kakamatsu/.conda/envs/r_py/lib/python3.11/site-packages/sklearn/linear_model/_coordinate_descent.py:628: ConvergenceWarning: Objective did not converge. You might want to increase the number of iterations, check the scale of the features or consider increasing regularisation. Duality gap: 1.709e-01, tolerance: 1.280e-02
  model = cd_fast.enet_coordinate_descent(
/home/kakamatsu/.conda/envs/r_py/lib/python3.11/site-packages/sklearn/linear_model/_coordinate_descent.py:628: ConvergenceWarning: Objective did not converge. You might want to increase the number of iterations, check the scale of the features or consider increasing regularisation. Duality gap: 5.213e-01, tolerance: 1.280e-02
  model = cd_fast.enet_coordinate_descent(
/home/kakamatsu/.conda/envs/r_py/lib/python3.11/site-packages/sklearn/linear_model/_coordinate_descent.py:628: ConvergenceWarning: Objective did not converge. You might want to increase the number of iterations, check the scale of the features or consider increasing regularisation. Duality gap: 2.149e-01, tolerance: 1.280e-02
  model = cd_fast.enet_coordinate_descent(
/home/kakamatsu/.conda/envs/r_py/lib/python3.11/site-packages/sklearn/linear_model/_coordinate_descent.py:628: ConvergenceWarning: Objective did not converge. You might want to increase the number of iterations, check the scale of the features or consider increasing regularisation. Duality gap: 2.618e-02, tolerance: 1.280e-02
  model = cd_fast.enet_coordinate_descent(
/home/kakamatsu/.conda/envs/r_py/lib/python3.11/site-packages/sklearn/linear_model/_coordinate_descent.py:628: ConvergenceWarning: Objective did not converge. You might want to increase the number of iterations, check the scale of the features or consider increasing regularisation. Duality gap: 2.715e-01, tolerance: 1.280e-02
  model = cd_fast.enet_coordinate_descent(
/home/kakamatsu/.conda/envs/r_py/lib/python3.11/site-packages/sklearn/linear_model/_coordinate_descent.py:628: ConvergenceWarning: Objective did not converge. You might want to increase the number of iterations, check the scale of the features or consider increasing regularisation. Duality gap: 1.112e-01, tolerance: 1.280e-02
  model = cd_fast.enet_coordinate_descent(
/home/kakamatsu/.conda/envs/r_py/lib/python3.11/site-packages/sklearn/linear_model/_coordinate_descent.py:628: ConvergenceWarning: Objective did not converge. You might want to increase the number of iterations, check the scale of the features or consider increasing regularisation. Duality gap: 3.127e-01, tolerance: 1.280e-02
  model = cd_fast.enet_coordinate_descent(
/home/kakamatsu/.conda/envs/r_py/lib/python3.11/site-packages/sklearn/linear_model/_coordinate_descent.py:628: ConvergenceWarning: Objective did not converge. You might want to increase the number of iterations, check the scale of the features or consider increasing regularisation. Duality gap: 7.200e-02, tolerance: 1.280e-02
  model = cd_fast.enet_coordinate_descent(
/home/kakamatsu/.conda/envs/r_py/lib/python3.11/site-packages/sklearn/linear_model/_coordinate_descent.py:628: ConvergenceWarning: Objective did not converge. You might want to increase the number of iterations, check the scale of the features or consider increasing regularisation. Duality gap: 7.364e-02, tolerance: 1.280e-02
  model = cd_fast.enet_coordinate_descent(
/home/kakamatsu/.conda/envs/r_py/lib/python3.11/site-packages/sklearn/linear_model/_coordinate_descent.py:628: ConvergenceWarning: Objective did not converge. You might want to increase the number of iterations, check the scale of the features or consider increasing regularisation. Duality gap: 1.396e-01, tolerance: 1.280e-02
  model = cd_fast.enet_coordinate_descent(
/home/kakamatsu/.conda/envs/r_py/lib/python3.11/site-packages/sklearn/linear_model/_coordinate_descent.py:628: ConvergenceWarning: Objective did not converge. You might want to increase the number of iterations, check the scale of the features or consider increasing regularisation. Duality gap: 1.953e-01, tolerance: 1.280e-02
  model = cd_fast.enet_coordinate_descent(
/home/kakamatsu/.conda/envs/r_py/lib/python3.11/site-packages/sklearn/linear_model/_coordinate_descent.py:628: ConvergenceWarning: Objective did not converge. You might want to increase the number of iterations, check the scale of the features or consider increasing regularisation. Duality gap: 3.372e-02, tolerance: 1.280e-02
  model = cd_fast.enet_coordinate_descent(
/home/kakamatsu/.conda/envs/r_py/lib/python3.11/site-packages/sklearn/linear_model/_coordinate_descent.py:628: ConvergenceWarning: Objective did not converge. You might want to increase the number of iterations, check the scale of the features or consider increasing regularisation. Duality gap: 2.416e-02, tolerance: 1.280e-02
  model = cd_fast.enet_coordinate_descent(
/home/kakamatsu/.conda/envs/r_py/lib/python3.11/site-packages/sklearn/linear_model/_coordinate_descent.py:628: ConvergenceWarning: Objective did not converge. You might want to increase the number of iterations, check the scale of the features or consider increasing regularisation. Duality gap: 3.217e-02, tolerance: 1.280e-02
  model = cd_fast.enet_coordinate_descent(
/home/kakamatsu/.conda/envs/r_py/lib/python3.11/site-packages/sklearn/linear_model/_coordinate_descent.py:628: ConvergenceWarning: Objective did not converge. You might want to increase the number of iterations, check the scale of the features or consider increasing regularisation. Duality gap: 7.681e-01, tolerance: 4.000e-02
  model = cd_fast.enet_coordinate_descent(
/home/kakamatsu/.conda/envs/r_py/lib/python3.11/site-packages/sklearn/linear_model/_coordinate_descent.py:628: ConvergenceWarning: Objective did not converge. You might want to increase the number of iterations, check the scale of the features or consider increasing regularisation. Duality gap: 1.225e+00, tolerance: 4.000e-02
  model = cd_fast.enet_coordinate_descent(
/home/kakamatsu/.conda/envs/r_py/lib/python3.11/site-packages/sklearn/linear_model/_coordinate_descent.py:628: ConvergenceWarning: Objective did not converge. You might want to increase the number of iterations, check the scale of the features or consider increasing regularisation. Duality gap: 6.934e-01, tolerance: 4.000e-02
  model = cd_fast.enet_coordinate_descent(
/home/kakamatsu/.conda/envs/r_py/lib/python3.11/site-packages/sklearn/linear_model/_coordinate_descent.py:628: ConvergenceWarning: Objective did not converge. You might want to increase the number of iterations, check the scale of the features or consider increasing regularisation. Duality gap: 3.692e-01, tolerance: 4.000e-02
  model = cd_fast.enet_coordinate_descent(
/home/kakamatsu/.conda/envs/r_py/lib/python3.11/site-packages/sklearn/linear_model/_coordinate_descent.py:628: ConvergenceWarning: Objective did not converge. You might want to increase the number of iterations, check the scale of the features or consider increasing regularisation. Duality gap: 7.863e-01, tolerance: 4.000e-02
  model = cd_fast.enet_coordinate_descent(
/home/kakamatsu/.conda/envs/r_py/lib/python3.11/site-packages/sklearn/linear_model/_coordinate_descent.py:628: ConvergenceWarning: Objective did not converge. You might want to increase the number of iterations, check the scale of the features or consider increasing regularisation. Duality gap: 3.985e-01, tolerance: 4.000e-02
  model = cd_fast.enet_coordinate_descent(
/home/kakamatsu/.conda/envs/r_py/lib/python3.11/site-packages/sklearn/linear_model/_coordinate_descent.py:628: ConvergenceWarning: Objective did not converge. You might want to increase the number of iterations, check the scale of the features or consider increasing regularisation. Duality gap: 6.046e-01, tolerance: 4.000e-02
  model = cd_fast.enet_coordinate_descent(
/home/kakamatsu/.conda/envs/r_py/lib/python3.11/site-packages/sklearn/linear_model/_coordinate_descent.py:628: ConvergenceWarning: Objective did not converge. You might want to increase the number of iterations, check the scale of the features or consider increasing regularisation. Duality gap: 1.721e-01, tolerance: 4.000e-02
  model = cd_fast.enet_coordinate_descent(
/home/kakamatsu/.conda/envs/r_py/lib/python3.11/site-packages/sklearn/linear_model/_coordinate_descent.py:628: ConvergenceWarning: Objective did not converge. You might want to increase the number of iterations, check the scale of the features or consider increasing regularisation. Duality gap: 1.715e-01, tolerance: 4.000e-02
  model = cd_fast.enet_coordinate_descent(
/home/kakamatsu/.conda/envs/r_py/lib/python3.11/site-packages/sklearn/linear_model/_coordinate_descent.py:628: ConvergenceWarning: Objective did not converge. You might want to increase the number of iterations, check the scale of the features or consider increasing regularisation. Duality gap: 1.048e-01, tolerance: 4.000e-02
  model = cd_fast.enet_coordinate_descent(
/home/kakamatsu/.conda/envs/r_py/lib/python3.11/site-packages/sklearn/linear_model/_coordinate_descent.py:628: ConvergenceWarning: Objective did not converge. You might want to increase the number of iterations, check the scale of the features or consider increasing regularisation. Duality gap: 1.615e-01, tolerance: 4.000e-02
  model = cd_fast.enet_coordinate_descent(
/home/kakamatsu/.conda/envs/r_py/lib/python3.11/site-packages/sklearn/linear_model/_coordinate_descent.py:628: ConvergenceWarning: Objective did not converge. You might want to increase the number of iterations, check the scale of the features or consider increasing regularisation. Duality gap: 4.798e-01, tolerance: 4.000e-02
  model = cd_fast.enet_coordinate_descent(
/home/kakamatsu/.conda/envs/r_py/lib/python3.11/site-packages/sklearn/linear_model/_coordinate_descent.py:628: ConvergenceWarning: Objective did not converge. You might want to increase the number of iterations, check the scale of the features or consider increasing regularisation. Duality gap: 1.408e-01, tolerance: 4.000e-02
  model = cd_fast.enet_coordinate_descent(
/home/kakamatsu/.conda/envs/r_py/lib/python3.11/site-packages/sklearn/linear_model/_coordinate_descent.py:628: ConvergenceWarning: Objective did not converge. You might want to increase the number of iterations, check the scale of the features or consider increasing regularisation. Duality gap: 2.028e-01, tolerance: 4.000e-02
  model = cd_fast.enet_coordinate_descent(
/home/kakamatsu/.conda/envs/r_py/lib/python3.11/site-packages/sklearn/linear_model/_coordinate_descent.py:628: ConvergenceWarning: Objective did not converge. You might want to increase the number of iterations, check the scale of the features or consider increasing regularisation. Duality gap: 1.097e-01, tolerance: 4.000e-02
  model = cd_fast.enet_coordinate_descent(
/home/kakamatsu/.conda/envs/r_py/lib/python3.11/site-packages/sklearn/linear_model/_coordinate_descent.py:628: ConvergenceWarning: Objective did not converge. You might want to increase the number of iterations, check the scale of the features or consider increasing regularisation. Duality gap: 4.359e-02, tolerance: 4.000e-02
  model = cd_fast.enet_coordinate_descent(
/home/kakamatsu/.conda/envs/r_py/lib/python3.11/site-packages/sklearn/linear_model/_coordinate_descent.py:628: ConvergenceWarning: Objective did not converge. You might want to increase the number of iterations, check the scale of the features or consider increasing regularisation. Duality gap: 6.162e-02, tolerance: 4.000e-02
  model = cd_fast.enet_coordinate_descent(
/home/kakamatsu/.conda/envs/r_py/lib/python3.11/site-packages/sklearn/linear_model/_coordinate_descent.py:628: ConvergenceWarning: Objective did not converge. You might want to increase the number of iterations, check the scale of the features or consider increasing regularisation. Duality gap: 6.678e-01, tolerance: 1.920e-02
  model = cd_fast.enet_coordinate_descent(
/home/kakamatsu/.conda/envs/r_py/lib/python3.11/site-packages/sklearn/linear_model/_coordinate_descent.py:628: ConvergenceWarning: Objective did not converge. You might want to increase the number of iterations, check the scale of the features or consider increasing regularisation. Duality gap: 6.376e-01, tolerance: 1.920e-02
  model = cd_fast.enet_coordinate_descent(
/home/kakamatsu/.conda/envs/r_py/lib/python3.11/site-packages/sklearn/linear_model/_coordinate_descent.py:628: ConvergenceWarning: Objective did not converge. You might want to increase the number of iterations, check the scale of the features or consider increasing regularisation. Duality gap: 3.658e-01, tolerance: 1.920e-02
  model = cd_fast.enet_coordinate_descent(
/home/kakamatsu/.conda/envs/r_py/lib/python3.11/site-packages/sklearn/linear_model/_coordinate_descent.py:628: ConvergenceWarning: Objective did not converge. You might want to increase the number of iterations, check the scale of the features or consider increasing regularisation. Duality gap: 3.081e-01, tolerance: 1.920e-02
  model = cd_fast.enet_coordinate_descent(
/home/kakamatsu/.conda/envs/r_py/lib/python3.11/site-packages/sklearn/linear_model/_coordinate_descent.py:628: ConvergenceWarning: Objective did not converge. You might want to increase the number of iterations, check the scale of the features or consider increasing regularisation. Duality gap: 6.546e-01, tolerance: 1.920e-02
  model = cd_fast.enet_coordinate_descent(
/home/kakamatsu/.conda/envs/r_py/lib/python3.11/site-packages/sklearn/linear_model/_coordinate_descent.py:628: ConvergenceWarning: Objective did not converge. You might want to increase the number of iterations, check the scale of the features or consider increasing regularisation. Duality gap: 3.725e-01, tolerance: 1.920e-02
  model = cd_fast.enet_coordinate_descent(
/home/kakamatsu/.conda/envs/r_py/lib/python3.11/site-packages/sklearn/linear_model/_coordinate_descent.py:628: ConvergenceWarning: Objective did not converge. You might want to increase the number of iterations, check the scale of the features or consider increasing regularisation. Duality gap: 1.916e-01, tolerance: 1.920e-02
  model = cd_fast.enet_coordinate_descent(
/home/kakamatsu/.conda/envs/r_py/lib/python3.11/site-packages/sklearn/linear_model/_coordinate_descent.py:628: ConvergenceWarning: Objective did not converge. You might want to increase the number of iterations, check the scale of the features or consider increasing regularisation. Duality gap: 1.202e-01, tolerance: 1.920e-02
  model = cd_fast.enet_coordinate_descent(
/home/kakamatsu/.conda/envs/r_py/lib/python3.11/site-packages/sklearn/linear_model/_coordinate_descent.py:628: ConvergenceWarning: Objective did not converge. You might want to increase the number of iterations, check the scale of the features or consider increasing regularisation. Duality gap: 2.799e-01, tolerance: 1.920e-02
  model = cd_fast.enet_coordinate_descent(
/home/kakamatsu/.conda/envs/r_py/lib/python3.11/site-packages/sklearn/linear_model/_coordinate_descent.py:628: ConvergenceWarning: Objective did not converge. You might want to increase the number of iterations, check the scale of the features or consider increasing regularisation. Duality gap: 3.526e-01, tolerance: 1.920e-02
  model = cd_fast.enet_coordinate_descent(
/home/kakamatsu/.conda/envs/r_py/lib/python3.11/site-packages/sklearn/linear_model/_coordinate_descent.py:628: ConvergenceWarning: Objective did not converge. You might want to increase the number of iterations, check the scale of the features or consider increasing regularisation. Duality gap: 7.356e-02, tolerance: 1.920e-02
  model = cd_fast.enet_coordinate_descent(
/home/kakamatsu/.conda/envs/r_py/lib/python3.11/site-packages/sklearn/linear_model/_coordinate_descent.py:628: ConvergenceWarning: Objective did not converge. You might want to increase the number of iterations, check the scale of the features or consider increasing regularisation. Duality gap: 7.698e-02, tolerance: 1.920e-02
  model = cd_fast.enet_coordinate_descent(
/home/kakamatsu/.conda/envs/r_py/lib/python3.11/site-packages/sklearn/linear_model/_coordinate_descent.py:628: ConvergenceWarning: Objective did not converge. You might want to increase the number of iterations, check the scale of the features or consider increasing regularisation. Duality gap: 3.721e-02, tolerance: 1.920e-02
  model = cd_fast.enet_coordinate_descent(
/home/kakamatsu/.conda/envs/r_py/lib/python3.11/site-packages/sklearn/linear_model/_coordinate_descent.py:628: ConvergenceWarning: Objective did not converge. You might want to increase the number of iterations, check the scale of the features or consider increasing regularisation. Duality gap: 9.371e-02, tolerance: 1.920e-02
  model = cd_fast.enet_coordinate_descent(
/home/kakamatsu/.conda/envs/r_py/lib/python3.11/site-packages/sklearn/linear_model/_coordinate_descent.py:628: ConvergenceWarning: Objective did not converge. You might want to increase the number of iterations, check the scale of the features or consider increasing regularisation. Duality gap: 3.449e-02, tolerance: 1.920e-02
  model = cd_fast.enet_coordinate_descent(
/home/kakamatsu/.conda/envs/r_py/lib/python3.11/site-packages/sklearn/linear_model/_coordinate_descent.py:628: ConvergenceWarning: Objective did not converge. You might want to increase the number of iterations, check the scale of the features or consider increasing regularisation. Duality gap: 5.854e-01, tolerance: 4.000e-02
  model = cd_fast.enet_coordinate_descent(
/home/kakamatsu/.conda/envs/r_py/lib/python3.11/site-packages/sklearn/linear_model/_coordinate_descent.py:628: ConvergenceWarning: Objective did not converge. You might want to increase the number of iterations, check the scale of the features or consider increasing regularisation. Duality gap: 8.678e-01, tolerance: 4.000e-02
  model = cd_fast.enet_coordinate_descent(
/home/kakamatsu/.conda/envs/r_py/lib/python3.11/site-packages/sklearn/linear_model/_coordinate_descent.py:628: ConvergenceWarning: Objective did not converge. You might want to increase the number of iterations, check the scale of the features or consider increasing regularisation. Duality gap: 1.036e+00, tolerance: 4.000e-02
  model = cd_fast.enet_coordinate_descent(
/home/kakamatsu/.conda/envs/r_py/lib/python3.11/site-packages/sklearn/linear_model/_coordinate_descent.py:628: ConvergenceWarning: Objective did not converge. You might want to increase the number of iterations, check the scale of the features or consider increasing regularisation. Duality gap: 2.072e+00, tolerance: 4.000e-02
  model = cd_fast.enet_coordinate_descent(
/home/kakamatsu/.conda/envs/r_py/lib/python3.11/site-packages/sklearn/linear_model/_coordinate_descent.py:628: ConvergenceWarning: Objective did not converge. You might want to increase the number of iterations, check the scale of the features or consider increasing regularisation. Duality gap: 7.026e-01, tolerance: 4.000e-02
  model = cd_fast.enet_coordinate_descent(
/home/kakamatsu/.conda/envs/r_py/lib/python3.11/site-packages/sklearn/linear_model/_coordinate_descent.py:628: ConvergenceWarning: Objective did not converge. You might want to increase the number of iterations, check the scale of the features or consider increasing regularisation. Duality gap: 1.781e-01, tolerance: 4.000e-02
  model = cd_fast.enet_coordinate_descent(
/home/kakamatsu/.conda/envs/r_py/lib/python3.11/site-packages/sklearn/linear_model/_coordinate_descent.py:628: ConvergenceWarning: Objective did not converge. You might want to increase the number of iterations, check the scale of the features or consider increasing regularisation. Duality gap: 3.408e-01, tolerance: 4.000e-02
  model = cd_fast.enet_coordinate_descent(
/home/kakamatsu/.conda/envs/r_py/lib/python3.11/site-packages/sklearn/linear_model/_coordinate_descent.py:628: ConvergenceWarning: Objective did not converge. You might want to increase the number of iterations, check the scale of the features or consider increasing regularisation. Duality gap: 3.385e-01, tolerance: 4.000e-02
  model = cd_fast.enet_coordinate_descent(
/home/kakamatsu/.conda/envs/r_py/lib/python3.11/site-packages/sklearn/linear_model/_coordinate_descent.py:628: ConvergenceWarning: Objective did not converge. You might want to increase the number of iterations, check the scale of the features or consider increasing regularisation. Duality gap: 7.646e-01, tolerance: 4.000e-02
  model = cd_fast.enet_coordinate_descent(
/home/kakamatsu/.conda/envs/r_py/lib/python3.11/site-packages/sklearn/linear_model/_coordinate_descent.py:628: ConvergenceWarning: Objective did not converge. You might want to increase the number of iterations, check the scale of the features or consider increasing regularisation. Duality gap: 8.891e-02, tolerance: 4.000e-02
  model = cd_fast.enet_coordinate_descent(
/home/kakamatsu/.conda/envs/r_py/lib/python3.11/site-packages/sklearn/linear_model/_coordinate_descent.py:628: ConvergenceWarning: Objective did not converge. You might want to increase the number of iterations, check the scale of the features or consider increasing regularisation. Duality gap: 1.044e-01, tolerance: 4.000e-02
  model = cd_fast.enet_coordinate_descent(
/home/kakamatsu/.conda/envs/r_py/lib/python3.11/site-packages/sklearn/linear_model/_coordinate_descent.py:628: ConvergenceWarning: Objective did not converge. You might want to increase the number of iterations, check the scale of the features or consider increasing regularisation. Duality gap: 5.890e-02, tolerance: 4.000e-02
  model = cd_fast.enet_coordinate_descent(
/home/kakamatsu/.conda/envs/r_py/lib/python3.11/site-packages/sklearn/linear_model/_coordinate_descent.py:628: ConvergenceWarning: Objective did not converge. You might want to increase the number of iterations, check the scale of the features or consider increasing regularisation. Duality gap: 2.097e-01, tolerance: 4.000e-02
  model = cd_fast.enet_coordinate_descent(
